#
# There is insufficient memory for the Java Runtime Environment to continue.
# Native memory allocation (mmap) failed to map 266338304 bytes. Error detail: G1 virtual space
# Possible reasons:
#   The system is out of physical RAM or swap space
#   This process is running with CompressedOops enabled, and the Java Heap may be blocking the growth of the native heap
# Possible solutions:
#   Reduce memory load on the system
#   Increase physical memory or swap space
#   Check if swap backing store is full
#   Decrease Java heap size (-Xmx/-Xms)
#   Decrease number of Java threads
#   Decrease Java thread stack sizes (-Xss)
#   Set larger code cache with -XX:ReservedCodeCacheSize=
#   JVM is running with Zero Based Compressed Oops mode in which the Java heap is
#     placed in the first 32GB address space. The Java Heap base address is the
#     maximum limit for the native heap growth. Please use -XX:HeapBaseMinAddress
#     to set the Java Heap base and to place the Java Heap above 32GB virtual address.
# This output file may be truncated or incomplete.
#
#  Out of Memory Error (os_windows.cpp:3614), pid=18452, tid=7052
#
# JRE version:  (17.0.13+11) (build )
# Java VM: OpenJDK 64-Bit Server VM (17.0.13+11-LTS, mixed mode, sharing, tiered, compressed oops, compressed class ptrs, g1 gc, windows-amd64)
# No core dump will be written. Minidumps are not enabled by default on client versions of Windows
#

---------------  S U M M A R Y ------------

Command Line: -Dcompose.application.configure.swing.globals=true -Dcompose.application.resources.dir=D:\lora\CharRoom\build\compose\tmp\prepareAppResources -Dfile.encoding=UTF-8 -Duser.country=CN -Duser.language=zh -Duser.variant MainKt

Host: 11th Gen Intel(R) Core(TM) i5-11260H @ 2.60GHz, 12 cores, 15G,  Windows 11 , 64 bit Build 22621 (10.0.22621.4391)
Time: Mon Jan  6 18:14:30 2025  Windows 11 , 64 bit Build 22621 (10.0.22621.4391) elapsed time: 0.021350 seconds (0d 0h 0m 0s)

---------------  T H R E A D  ---------------

Current thread (0x0000028b4d063bb0):  JavaThread "Unknown thread" [_thread_in_vm, id=7052, stack(0x000000d594200000,0x000000d594300000)]

Stack: [0x000000d594200000,0x000000d594300000]
Native frames: (J=compiled Java code, j=interpreted, Vv=VM code, C=native code)
V  [jvm.dll+0x680c19]
V  [jvm.dll+0x83888a]
V  [jvm.dll+0x83a34e]
V  [jvm.dll+0x83a9b3]
V  [jvm.dll+0x2481af]
V  [jvm.dll+0x67d959]
V  [jvm.dll+0x67242a]
V  [jvm.dll+0x30813b]
V  [jvm.dll+0x30f626]
V  [jvm.dll+0x35f94e]
V  [jvm.dll+0x35fb8f]
V  [jvm.dll+0x2df0ec]
V  [jvm.dll+0x2e0044]
V  [jvm.dll+0x80a04b]
V  [jvm.dll+0x36d6c1]
V  [jvm.dll+0x7e8975]
V  [jvm.dll+0x3f109f]
V  [jvm.dll+0x3f2c11]
C  [jli.dll+0x52ab]
C  [ucrtbase.dll+0x29333]
C  [KERNEL32.DLL+0x1259d]
C  [ntdll.dll+0x5af38]


---------------  P R O C E S S  ---------------

Threads class SMR info:
_java_thread_list=0x00007ffcf9118f58, length=0, elements={
}

Java Threads: ( => current thread )

Other Threads:
  0x0000028b4d0cfc00 GCTaskThread "GC Thread#0" [stack: 0x000000d594300000,0x000000d594400000] [id=12848]
  0x0000028b6e253fb0 ConcurrentGCThread "G1 Main Marker" [stack: 0x000000d594400000,0x000000d594500000] [id=18468]
  0x0000028b6e254be0 ConcurrentGCThread "G1 Conc#0" [stack: 0x000000d594500000,0x000000d594600000] [id=8380]

[error occurred during error reporting (printing all threads), id 0xc0000005, EXCEPTION_ACCESS_VIOLATION (0xc0000005) at pc=0x00007ffcf88cf827]

VM state: not at safepoint (not fully initialized)

VM Mutex/Monitor currently owned by a thread:  ([mutex/lock_event])
[0x0000028b4d05e9d0] Heap_lock - owner thread: 0x0000028b4d063bb0

Heap address: 0x0000000703600000, size: 4042 MB, Compressed Oops mode: Zero based, Oop shift amount: 3

CDS archive(s) mapped at: [0x0000000000000000-0x0000000000000000-0x0000000000000000), size 0, SharedBaseAddress: 0x0000000800000000, ArchiveRelocationMode: 1.
Narrow klass base: 0x0000000000000000, Narrow klass shift: 0, Narrow klass range: 0x0

GC Precious Log:
<Empty>

Heap:
 garbage-first heap   total 0K, used 0K [0x0000000703600000, 0x0000000800000000)
  region size 2048K, 0 young (0K), 0 survivors (0K)

[error occurred during error reporting (printing heap information), id 0xc0000005, EXCEPTION_ACCESS_VIOLATION (0xc0000005) at pc=0x00007ffcf8cb9e69]

GC Heap History (0 events):
No events

Dll operation events (1 events):
Event: 0.015 Loaded shared library C:\Users\Jastin Pepeo\.jdks\corretto-17.0.13\bin\java.dll

Deoptimization events (0 events):
No events

Classes loaded (0 events):
No events

Classes unloaded (0 events):
No events

Classes redefined (0 events):
No events

Internal exceptions (0 events):
No events

VM Operations (0 events):
No events

Memory protections (0 events):
No events

Nmethod flushes (0 events):
No events

Events (0 events):
No events


Dynamic libraries:
0x00007ff78ebe0000 - 0x00007ff78ebee000 	C:\Users\Jastin Pepeo\.jdks\corretto-17.0.13\bin\java.exe
0x00007ffd508d0000 - 0x00007ffd50ae7000 	C:\WINDOWS\SYSTEM32\ntdll.dll
0x00007ffd4fe70000 - 0x00007ffd4ff34000 	C:\WINDOWS\System32\KERNEL32.DLL
0x00007ffd4dc30000 - 0x00007ffd4dfe9000 	C:\WINDOWS\System32\KERNELBASE.dll
0x00007ffd4dff0000 - 0x00007ffd4e101000 	C:\WINDOWS\System32\ucrtbase.dll
0x00007ffd1c9e0000 - 0x00007ffd1c9fb000 	C:\Users\Jastin Pepeo\.jdks\corretto-17.0.13\bin\VCRUNTIME140.dll
0x00007ffd3cdd0000 - 0x00007ffd3cde7000 	C:\Users\Jastin Pepeo\.jdks\corretto-17.0.13\bin\jli.dll
0x00007ffd4e680000 - 0x00007ffd4e82e000 	C:\WINDOWS\System32\USER32.dll
0x00007ffd4dc00000 - 0x00007ffd4dc26000 	C:\WINDOWS\System32\win32u.dll
0x00007ffd4f730000 - 0x00007ffd4f759000 	C:\WINDOWS\System32\GDI32.dll
0x00007ffd4e270000 - 0x00007ffd4e38b000 	C:\WINDOWS\System32\gdi32full.dll
0x00007ffd4e1d0000 - 0x00007ffd4e26a000 	C:\WINDOWS\System32\msvcp_win.dll
0x00007ffd2b4c0000 - 0x00007ffd2b752000 	C:\WINDOWS\WinSxS\amd64_microsoft.windows.common-controls_6595b64144ccf1df_6.0.22621.4391_none_2715d37f73803e96\COMCTL32.dll
0x00007ffd4fcb0000 - 0x00007ffd4fd57000 	C:\WINDOWS\System32\msvcrt.dll
0x00007ffd50850000 - 0x00007ffd50881000 	C:\WINDOWS\System32\IMM32.DLL
0x0000000067a70000 - 0x0000000067a7d000 	C:\Program Files (x86)\360\360Safe\safemon\SafeWrapper.dll
0x00007ffd505d0000 - 0x00007ffd50682000 	C:\WINDOWS\System32\ADVAPI32.dll
0x00007ffd4fc00000 - 0x00007ffd4fca7000 	C:\WINDOWS\System32\sechost.dll
0x00007ffd4dbd0000 - 0x00007ffd4dbf8000 	C:\WINDOWS\System32\bcrypt.dll
0x00007ffd4f350000 - 0x00007ffd4f464000 	C:\WINDOWS\System32\RPCRT4.dll
0x00007ffd3bb10000 - 0x00007ffd3bc13000 	C:\Program Files (x86)\360\360Safe\safemon\libzdtp64.dll
0x00007ffd4ea40000 - 0x00007ffd4f2b6000 	C:\WINDOWS\System32\SHELL32.dll
0x00007ffd4f470000 - 0x00007ffd4f4ce000 	C:\WINDOWS\System32\SHLWAPI.dll
0x00007ffd4d630000 - 0x00007ffd4d63a000 	C:\WINDOWS\SYSTEM32\VERSION.dll
0x00007ffd1f5d0000 - 0x00007ffd1f5dc000 	C:\Users\Jastin Pepeo\.jdks\corretto-17.0.13\bin\vcruntime140_1.dll
0x00007ffd031f0000 - 0x00007ffd0327d000 	C:\Users\Jastin Pepeo\.jdks\corretto-17.0.13\bin\msvcp140.dll
0x00007ffcf85e0000 - 0x00007ffcf924c000 	C:\Users\Jastin Pepeo\.jdks\corretto-17.0.13\bin\server\jvm.dll
0x00007ffd4f2d0000 - 0x00007ffd4f341000 	C:\WINDOWS\System32\WS2_32.dll
0x00007ffd4c970000 - 0x00007ffd4c9bd000 	C:\WINDOWS\SYSTEM32\POWRPROF.dll
0x00007ffd47a60000 - 0x00007ffd47a94000 	C:\WINDOWS\SYSTEM32\WINMM.dll
0x00007ffd4c950000 - 0x00007ffd4c963000 	C:\WINDOWS\SYSTEM32\UMPDC.dll
0x00007ffd4cc10000 - 0x00007ffd4cc28000 	C:\WINDOWS\SYSTEM32\kernel.appcore.dll
0x00007ffd1cec0000 - 0x00007ffd1ceca000 	C:\Users\Jastin Pepeo\.jdks\corretto-17.0.13\bin\jimage.dll
0x00007ffd4b1c0000 - 0x00007ffd4b3f2000 	C:\WINDOWS\SYSTEM32\DBGHELP.DLL
0x00007ffd4f870000 - 0x00007ffd4fbff000 	C:\WINDOWS\System32\combase.dll
0x00007ffd4e830000 - 0x00007ffd4e907000 	C:\WINDOWS\System32\OLEAUT32.dll
0x00007ffd43e60000 - 0x00007ffd43e92000 	C:\WINDOWS\SYSTEM32\dbgcore.DLL
0x00007ffd4e570000 - 0x00007ffd4e5eb000 	C:\WINDOWS\System32\bcryptPrimitives.dll
0x00007ffd17250000 - 0x00007ffd17275000 	C:\Users\Jastin Pepeo\.jdks\corretto-17.0.13\bin\java.dll

dbghelp: loaded successfully - version: 4.0.5 - missing functions: none
symbol engine: initialized successfully - sym options: 0x614 - pdb path: .;C:\Users\Jastin Pepeo\.jdks\corretto-17.0.13\bin;C:\WINDOWS\SYSTEM32;C:\WINDOWS\WinSxS\amd64_microsoft.windows.common-controls_6595b64144ccf1df_6.0.22621.4391_none_2715d37f73803e96;C:\Program Files (x86)\360\360Safe\safemon;C:\Users\Jastin Pepeo\.jdks\corretto-17.0.13\bin\server

VM Arguments:
jvm_args: -Dcompose.application.configure.swing.globals=true -Dcompose.application.resources.dir=D:\lora\CharRoom\build\compose\tmp\prepareAppResources -Dfile.encoding=UTF-8 -Duser.country=CN -Duser.language=zh -Duser.variant 
java_command: MainKt
java_class_path (initial): D:\lora\CharRoom\build\libs\CharRoom-desktop-1.0-SNAPSHOT.jar;C:\Users\Jastin Pepeo\.gradle\caches\modules-2\files-2.1\org.jetbrains.compose.desktop\desktop-jvm\1.5.0\3b461ec5c3f11ec2a6b169f6c7290415f7b60bf3\desktop-jvm-1.5.0.jar;C:\Users\Jastin Pepeo\.gradle\caches\modules-2\files-2.1\org.jetbrains.compose.material\material-desktop\1.5.0\99ad414ebbfd5999dbc093853362c81288588701\material-desktop-1.5.0.jar;C:\Users\Jastin Pepeo\.gradle\caches\modules-2\files-2.1\org.jetbrains.compose.material\material-ripple-desktop\1.5.0\494966d7ed5d7143b7e67f10077f8f20ab9fa1ec\material-ripple-desktop-1.5.0.jar;C:\Users\Jastin Pepeo\.gradle\caches\modules-2\files-2.1\org.jetbrains.compose.foundation\foundation-desktop\1.5.0\5f29e7032db7b1b3a7204a8383132cbcaa640dd5\foundation-desktop-1.5.0.jar;C:\Users\Jastin Pepeo\.gradle\caches\modules-2\files-2.1\org.jetbrains.compose.animation\animation-desktop\1.5.0\f1cbe23da9ecb37aa6b2b3e57b223327227b910a\animation-desktop-1.5.0.jar;C:\Users\Jastin Pepeo\.gradle\caches\modules-2\files-2.1\org.jetbrains.compose.foundation\foundation-layout-desktop\1.5.0\ae3ea49f6a2e5a0a6d4996c2bc10c3ddeb1f5dd5\foundation-layout-desktop-1.5.0.jar;C:\Users\Jastin Pepeo\.gradle\caches\modules-2\files-2.1\org.jetbrains.compose.animation\animation-core-desktop\1.5.0\c9cbe3824dd25e0152e9298574d24ec9ac61d016\animation-core-desktop-1.5.0.jar;C:\Users\Jastin Pepeo\.gradle\caches\modules-2\files-2.1\org.jetbrains.compose.material\material-icons-core-desktop\1.5.0\82faf5401b15358511cb941fd1306433ae12be77\material-icons-core-desktop-1.5.0.jar;C:\Users\Jastin Pepeo\.gradle\caches\modules-2\files-2.1\org.jetbrains.compose.ui\ui-desktop\1.5.0\adc0dfcf7a8731a0a680b9e4d1f3e3d3d9917493\ui-desktop-1.5.0.jar;C:\Users\Jastin Pepeo\.gradle\caches\modules-2\files-2.1\org.jetbrains.compose.ui\ui-text-desktop\1.5.0\44519ce6b5b12b70308746ed4351664fdf428322\ui-text-desktop-1.5.0.jar;C:\Users\Jastin Pepeo\.gradle\caches\modules-2\files-2.1\org.jetbrains.compose
Launcher Type: SUN_STANDARD

[Global flags]
     intx CICompilerCount                          = 4                                         {product} {ergonomic}
     uint ConcGCThreads                            = 3                                         {product} {ergonomic}
     uint G1ConcRefinementThreads                  = 10                                        {product} {ergonomic}
   size_t G1HeapRegionSize                         = 2097152                                   {product} {ergonomic}
    uintx GCDrainStackTargetSize                   = 64                                        {product} {ergonomic}
   size_t InitialHeapSize                          = 266338304                                 {product} {ergonomic}
   size_t MarkStackSize                            = 4194304                                   {product} {ergonomic}
   size_t MaxHeapSize                              = 4238344192                                {product} {ergonomic}
   size_t MinHeapDeltaBytes                        = 2097152                                   {product} {ergonomic}
   size_t MinHeapSize                              = 8388608                                   {product} {ergonomic}
    uintx NonNMethodCodeHeapSize                   = 5839372                                {pd product} {ergonomic}
    uintx NonProfiledCodeHeapSize                  = 122909434                              {pd product} {ergonomic}
    uintx ProfiledCodeHeapSize                     = 122909434                              {pd product} {ergonomic}
    uintx ReservedCodeCacheSize                    = 251658240                              {pd product} {ergonomic}
     bool SegmentedCodeCache                       = true                                      {product} {ergonomic}
   size_t SoftMaxHeapSize                          = 4238344192                             {manageable} {ergonomic}
     bool UseCompressedClassPointers               = true                           {product lp64_product} {ergonomic}
     bool UseCompressedOops                        = true                           {product lp64_product} {ergonomic}
     bool UseG1GC                                  = true                                      {product} {ergonomic}
     bool UseLargePagesIndividualAllocation        = false                                  {pd product} {ergonomic}

Logging:
Log output configuration:
 #0: stdout all=warning uptime,level,tags
 #1: stderr all=off uptime,level,tags

Environment Variables:
JAVA_HOME=C:\Users\Jastin Pepeo\.jdks\corretto-17.0.13
CLASSPATH=E:\LINGO64_18\Lingo18.jar
PATH=C:\Program Files (x86)\VMware\VMware Workstation\bin\;D:\Program Files\MATLAB\R2019a\bin\win64;C:\Program Files (x86)\Common Files\Intel\Shared Libraries\redist\intel64\compiler;C:\Windows\system32;C:\Windows;C:\Windows\System32\Wbem;C:\Windows\System32\WindowsPowerShell\v1.0\;C:\Windows\System32\OpenSSH\;C:\Program Files (x86)\NVIDIA Corporation\PhysX\Common;C:\Program Files\NVIDIA Corporation\NVIDIA NvDLISR;C:\Program Files\dotnet\;C:\Program Files\Microsoft SQL Server\150\Tools\Binn\;C:\Program Files (x86)\EasyShare\x86\;C:\Program Files (x86)\EasyShare\x64\;C:\WINDOWS\system32;C:\WINDOWS;C:\WINDOWS\System32\Wbem;C:\WINDOWS\System32\WindowsPowerShell\v1.0\;C:\WINDOWS\System32\OpenSSH\;C:\Users\Jastin Pepeo\AppData\Local\Programs\Python\Python312\Scripts\;C:\Users\Jastin Pepeo\AppData\Local\Programs\Python\Python312\;C:\Users\Jastin Pepeo\AppData\Local\Microsoft\WindowsApps;C:\Users\Jastin Pepeo\.dotnet\tools;D:\Program Files\Erlang OTP\bin;C:\Program Files\CodeBlocks\MinGW\bin;C:\Program Files (x86)\NetSarang\Xftp 7\;E:\LINGO64_18\;C:\Program Files (x86)\Graphviz2.38\bin;C:\Program Files\Git\cmd;C:\Program Files (x86)\NetSarang\Xshell 8\;D:\Program Files (x86)\Go\bin;C:\Program Files\nodejs\;C:\Users\Jastin Pepeo\AppData\Local\Programs\Python\Python312\Scripts\;C:\Users\Jastin Pepeo\AppData\Local\Programs\Python\Python312\;C:\Users\Jastin Pepeo\AppData\Local\Microsoft\WindowsApps;C:\Users\Jastin Pepeo\.dotnet\tools;C:\Users\Jastin Pepeo\AppData\Local\Programs\Microsoft VS Code\bin;D:\Program Files\JetBrains\PyCharm 2023.2.5\bin;C:\Users\Jastin Pepeo\AppData\Local\JetBrains\Toolbox\scripts;E:\新建文件夹\ffmpeg\bin;D:\lora\Mysql\mysql-5.7.19-winx64\bin\bin;C:\Users\Jastin Pepeo\.jdks\corretto-17.0.13\bin;C:\Users\Jastin Pepeo\.jdks\corretto-17.0.13\jre\bin;D:\Program Files\apache-maven-3.9.9\bin;D:\lora\kotlin\kotlin-compiler-2.0.20\kotlinc\bin;E:\Environment\android-sdk-windows\platform-tools;E:\Environment\android-sdk-windows\tools;C:\Users\Jastin Pepeo\go\bin;
USERNAME=Jastin Pepeo
OS=Windows_NT
PROCESSOR_IDENTIFIER=Intel64 Family 6 Model 141 Stepping 1, GenuineIntel
TMP=C:\Users\JASTIN~1\AppData\Local\Temp
TEMP=C:\Users\JASTIN~1\AppData\Local\Temp



Periodic native trim disabled


---------------  S Y S T E M  ---------------

OS:
 Windows 11 , 64 bit Build 22621 (10.0.22621.4391)
OS uptime: 0 days 1:19 hours
Hyper-V role detected

CPU: total 12 (initial active 12) (6 cores per cpu, 2 threads per core) family 6 model 141 stepping 1 microcode 0x2c, cx8, cmov, fxsr, ht, mmx, 3dnowpref, sse, sse2, sse3, ssse3, sse4.1, sse4.2, popcnt, lzcnt, tsc, tscinvbit, avx, avx2, aes, erms, clmul, bmi1, bmi2, adx, avx512f, avx512dq, avx512cd, avx512bw, avx512vl, sha, fma, vzeroupper, avx512_vpopcntdq, avx512_vpclmulqdq, avx512_vaes, avx512_vnni, clflush, clflushopt, clwb, avx512_vbmi2, avx512_vbmi, hv
Processor Information for all 12 processors :
  Max Mhz: 2611, Current Mhz: 2611, Mhz Limit: 2611

Memory: 4k page, system-wide physical 16163M (3009M free)
TotalPageFile size 19363M (AvailPageFile size 186M)
current process WorkingSet (physical memory assigned to process): 14M, peak: 14M
current process commit charge ("private bytes"): 65M, peak: 319M

vm_info: OpenJDK 64-Bit Server VM (17.0.13+11-LTS) for windows-amd64 JRE (17.0.13+11-LTS), built on Oct 10 2024 19:51:30 by "Administrator" with MS VC++ 16.10 / 16.11 (VS2019)

END.
