#
# There is insufficient memory for the Java Runtime Environment to continue.
# Native memory allocation (mmap) failed to map 266338304 bytes. Error detail: G1 virtual space
# Possible reasons:
#   The system is out of physical RAM or swap space
#   This process is running with CompressedOops enabled, and the Java Heap may be blocking the growth of the native heap
# Possible solutions:
#   Reduce memory load on the system
#   Increase physical memory or swap space
#   Check if swap backing store is full
#   Decrease Java heap size (-Xmx/-Xms)
#   Decrease number of Java threads
#   Decrease Java thread stack sizes (-Xss)
#   Set larger code cache with -XX:ReservedCodeCacheSize=
#   JVM is running with Zero Based Compressed Oops mode in which the Java heap is
#     placed in the first 32GB address space. The Java Heap base address is the
#     maximum limit for the native heap growth. Please use -XX:HeapBaseMinAddress
#     to set the Java Heap base and to place the Java Heap above 32GB virtual address.
# This output file may be truncated or incomplete.
#
#  Out of Memory Error (os_windows.cpp:3714), pid=19216, tid=8304
#
# JRE version:  (21.0.10+7) (build )
# Java VM: OpenJDK 64-Bit Server VM (21.0.10+7-LTS, mixed mode, sharing, tiered, compressed oops, compressed class ptrs, g1 gc, windows-amd64)
# No core dump will be written. Minidumps are not enabled by default on client versions of Windows
#

---------------  S U M M A R Y ------------

Command Line: -Dcompose.application.configure.swing.globals=true -Dcompose.application.resources.dir=D:\lora\qingliao\CharRoom\build\compose\tmp\prepareAppResources -Dsun.jnu.encoding=UTF-8 -Dfile.encoding=UTF-8 -Duser.country=CN -Duser.language=zh -Duser.variant MainKt

Host: 11th Gen Intel(R) Core(TM) i5-11260H @ 2.60GHz, 12 cores, 15G,  Windows 11 , 64 bit Build 22621 (10.0.22621.4391)
Time: Sat May  2 11:13:41 2026 elapsed time: 0.024840 seconds (0d 0h 0m 0s)

---------------  T H R E A D  ---------------

Current thread (0x000002119181ddb0):  JavaThread "Unknown thread" [_thread_in_vm, id=8304, stack(0x0000001254100000,0x0000001254200000) (1024K)]

Stack: [0x0000001254100000,0x0000001254200000]
Native frames: (J=compiled Java code, j=interpreted, Vv=VM code, C=native code)
V  [jvm.dll+0x6df2b9]
V  [jvm.dll+0x8bbdeb]
V  [jvm.dll+0x8be37a]
V  [jvm.dll+0x8bea53]
V  [jvm.dll+0x28a7a6]
V  [jvm.dll+0x6dbc15]
V  [jvm.dll+0x6cfbca]
V  [jvm.dll+0x364f6e]
V  [jvm.dll+0x36ce3b]
V  [jvm.dll+0x3be8d9]
V  [jvm.dll+0x3beb7b]
V  [jvm.dll+0x339137]
V  [jvm.dll+0x339c7b]
V  [jvm.dll+0x88634e]
V  [jvm.dll+0x3cb831]
V  [jvm.dll+0x86f25c]
V  [jvm.dll+0x45e901]
V  [jvm.dll+0x460541]
C  [jli.dll+0x52f0]
C  [ucrtbase.dll+0x29333]
C  [KERNEL32.DLL+0x1259d]
C  [ntdll.dll+0x5af38]


---------------  P R O C E S S  ---------------

Threads class SMR info:
_java_thread_list=0x00007ff8d5c32208, length=0, elements={
}

Java Threads: ( => current thread )
Total: 0

Other Threads:
  0x000002119335e960 WorkerThread "GC Thread#0"                     [id=5092, stack(0x0000001254200000,0x0000001254300000) (1024K)]
  0x00000211b09407b0 ConcurrentGCThread "G1 Main Marker"            [id=21480, stack(0x0000001254300000,0x0000001254400000) (1024K)]
  0x00000211b0941160 WorkerThread "G1 Conc#0"                       [id=9612, stack(0x0000001254400000,0x0000001254500000) (1024K)]

[error occurred during error reporting (printing all threads), id 0xc0000005, EXCEPTION_ACCESS_VIOLATION (0xc0000005) at pc=0x00007ff8d532bbb7]
VM state: not at safepoint (not fully initialized)

VM Mutex/Monitor currently owned by a thread:  ([mutex/lock_event])
[0x00007ff8d5ca66b0] Heap_lock - owner thread: 0x000002119181ddb0

Heap address: 0x0000000703600000, size: 4042 MB, Compressed Oops mode: Zero based, Oop shift amount: 3

CDS archive(s) mapped at: [0x0000000000000000-0x0000000000000000-0x0000000000000000), size 0, SharedBaseAddress: 0x0000000800000000, ArchiveRelocationMode: 1.
Narrow klass base: 0x0000000000000000, Narrow klass shift: 0, Narrow klass range: 0x0

GC Precious Log:
 CardTable entry size: 512
 Card Set container configuration: InlinePtr #cards 4 size 8 Array Of Cards #cards 16 size 48 Howl #buckets 8 coarsen threshold 3686 Howl Bitmap #cards 512 size 80 coarsen threshold 460 Card regions per heap region 1 cards per card region 4096

Heap:
 garbage-first heap   total 0K, used 0K [0x0000000703600000, 0x0000000800000000)
  region size 2048K, 0 young (0K), 0 survivors (0K)

[error occurred during error reporting (printing heap information), id 0xc0000005, EXCEPTION_ACCESS_VIOLATION (0xc0000005) at pc=0x00007ff8d5719019]
GC Heap History (0 events):
No events

Dll operation events (1 events):
Event: 0.016 Loaded shared library C:\Users\Jastin Pepeo\.jdks\corretto-21.0.10\bin\java.dll

Deoptimization events (0 events):
No events

Classes loaded (0 events):
No events

Classes unloaded (0 events):
No events

Classes redefined (0 events):
No events

Internal exceptions (0 events):
No events

ZGC Phase Switch (0 events):
No events

VM Operations (0 events):
No events

Memory protections (0 events):
No events

Nmethod flushes (0 events):
No events

Events (0 events):
No events


Dynamic libraries:
0x00007ff7c34e0000 - 0x00007ff7c34ee000 	C:\Users\Jastin Pepeo\.jdks\corretto-21.0.10\bin\java.exe
0x00007ff996770000 - 0x00007ff996987000 	C:\WINDOWS\SYSTEM32\ntdll.dll
0x00007ff9955e0000 - 0x00007ff9956a4000 	C:\WINDOWS\System32\KERNEL32.DLL
0x00007ff993c80000 - 0x00007ff994039000 	C:\WINDOWS\System32\KERNELBASE.dll
0x00007ff993aa0000 - 0x00007ff993bb1000 	C:\WINDOWS\System32\ucrtbase.dll
0x00007ff98eb90000 - 0x00007ff98ebae000 	C:\Users\Jastin Pepeo\.jdks\corretto-21.0.10\bin\VCRUNTIME140.dll
0x00007ff966b70000 - 0x00007ff966b88000 	C:\Users\Jastin Pepeo\.jdks\corretto-21.0.10\bin\jli.dll
0x00007ff994c60000 - 0x00007ff994e0e000 	C:\WINDOWS\System32\USER32.dll
0x00007ff993a70000 - 0x00007ff993a96000 	C:\WINDOWS\System32\win32u.dll
0x00007ff9956b0000 - 0x00007ff9956d9000 	C:\WINDOWS\System32\GDI32.dll
0x00007ff994110000 - 0x00007ff99422b000 	C:\WINDOWS\System32\gdi32full.dll
0x00007ff994040000 - 0x00007ff9940da000 	C:\WINDOWS\System32\msvcp_win.dll
0x00007ff980460000 - 0x00007ff9806f2000 	C:\WINDOWS\WinSxS\amd64_microsoft.windows.common-controls_6595b64144ccf1df_6.0.22621.4391_none_2715d37f73803e96\COMCTL32.dll
0x00007ff994e90000 - 0x00007ff994f37000 	C:\WINDOWS\System32\msvcrt.dll
0x00007ff9966d0000 - 0x00007ff996701000 	C:\WINDOWS\System32\IMM32.DLL
0x00000000732b0000 - 0x00000000732bd000 	C:\Program Files (x86)\360\360Safe\safemon\SafeWrapper.dll
0x00007ff9946f0000 - 0x00007ff9947a2000 	C:\WINDOWS\System32\ADVAPI32.dll
0x00007ff995fb0000 - 0x00007ff996057000 	C:\WINDOWS\System32\sechost.dll
0x00007ff9940e0000 - 0x00007ff994108000 	C:\WINDOWS\System32\bcrypt.dll
0x00007ff996060000 - 0x00007ff996174000 	C:\WINDOWS\System32\RPCRT4.dll
0x00007ff989e70000 - 0x00007ff989f75000 	C:\Program Files (x86)\360\360Safe\safemon\libzdtp64.dll
0x00007ff995730000 - 0x00007ff995fa6000 	C:\WINDOWS\System32\SHELL32.dll
0x00007ff9962e0000 - 0x00007ff99633e000 	C:\WINDOWS\System32\SHLWAPI.dll
0x00007ff993490000 - 0x00007ff99349a000 	C:\WINDOWS\SYSTEM32\VERSION.dll
0x00007ff97e810000 - 0x00007ff97e81c000 	C:\Users\Jastin Pepeo\.jdks\corretto-21.0.10\bin\vcruntime140_1.dll
0x00007ff946de0000 - 0x00007ff946e69000 	C:\Users\Jastin Pepeo\.jdks\corretto-21.0.10\bin\msvcp140.dll
0x00007ff8d4fe0000 - 0x00007ff8d5d88000 	C:\Users\Jastin Pepeo\.jdks\corretto-21.0.10\bin\server\jvm.dll
0x00007ff994e10000 - 0x00007ff994e81000 	C:\WINDOWS\System32\WS2_32.dll
0x00007ff992810000 - 0x00007ff99285d000 	C:\WINDOWS\SYSTEM32\POWRPROF.dll
0x00007ff98dc10000 - 0x00007ff98dc44000 	C:\WINDOWS\SYSTEM32\WINMM.dll
0x00007ff9927f0000 - 0x00007ff992803000 	C:\WINDOWS\SYSTEM32\UMPDC.dll
0x00007ff992ab0000 - 0x00007ff992ac8000 	C:\WINDOWS\SYSTEM32\kernel.appcore.dll
0x00007ff9736a0000 - 0x00007ff9736aa000 	C:\Users\Jastin Pepeo\.jdks\corretto-21.0.10\bin\jimage.dll
0x00007ff991010000 - 0x00007ff991242000 	C:\WINDOWS\SYSTEM32\DBGHELP.DLL
0x00007ff9947b0000 - 0x00007ff994b3f000 	C:\WINDOWS\System32\combase.dll
0x00007ff996470000 - 0x00007ff996547000 	C:\WINDOWS\System32\OLEAUT32.dll
0x00007ff987e10000 - 0x00007ff987e42000 	C:\WINDOWS\SYSTEM32\dbgcore.DLL
0x00007ff9942a0000 - 0x00007ff99431b000 	C:\WINDOWS\System32\bcryptPrimitives.dll
0x00007ff961770000 - 0x00007ff961791000 	C:\Users\Jastin Pepeo\.jdks\corretto-21.0.10\bin\java.dll

JVMTI agents: none

dbghelp: loaded successfully - version: 4.0.5 - missing functions: none
symbol engine: initialized successfully - sym options: 0x614 - pdb path: .;C:\Users\Jastin Pepeo\.jdks\corretto-21.0.10\bin;C:\WINDOWS\SYSTEM32;C:\WINDOWS\WinSxS\amd64_microsoft.windows.common-controls_6595b64144ccf1df_6.0.22621.4391_none_2715d37f73803e96;C:\Program Files (x86)\360\360Safe\safemon;C:\Users\Jastin Pepeo\.jdks\corretto-21.0.10\bin\server

VM Arguments:
jvm_args: -Dcompose.application.configure.swing.globals=true -Dcompose.application.resources.dir=D:\lora\qingliao\CharRoom\build\compose\tmp\prepareAppResources -Dsun.jnu.encoding=UTF-8 -Dfile.encoding=UTF-8 -Duser.country=CN -Duser.language=zh -Duser.variant 
java_command: MainKt
java_class_path (initial): D:\lora\qingliao\CharRoom\build\libs\CharRoom-1.0-SNAPSHOT.jar;C:\Users\Jastin Pepeo\.gradle\caches\modules-2\files-2.1\com.google.protobuf\protobuf-kotlin\4.34.1\a7dee36a736ba35a8b10d676e844b58fcd3429f4\protobuf-kotlin-4.34.1.jar;C:\Users\Jastin Pepeo\.gradle\caches\modules-2\files-2.1\org.jetbrains.compose.desktop\desktop-jvm\1.10.3\42facd9840309ac4eb841a986c5d1b97d2780471\desktop-jvm-1.10.3.jar;C:\Users\Jastin Pepeo\.gradle\caches\modules-2\files-2.1\org.jetbrains.compose.material\material-desktop\1.10.3\63e1c3c6705d111bf84e41110e7729df5b85163e\material-desktop-1.10.3.jar;C:\Users\Jastin Pepeo\.gradle\caches\modules-2\files-2.1\org.jetbrains.compose.material\material-ripple-desktop\1.10.3\74a14824f086339703264689c5a7cf4ceb39ed40\material-ripple-desktop-1.10.3.jar;C:\Users\Jastin Pepeo\.gradle\caches\modules-2\files-2.1\org.jetbrains.compose.foundation\foundation-desktop\1.10.3\d9ba57abee3527886ea640d3b390a70ba9e28af\foundation-desktop-1.10.3.jar;C:\Users\Jastin Pepeo\.gradle\caches\modules-2\files-2.1\org.jetbrains.compose.material\material-icons-extended-desktop\1.7.3\c7c5465dd754043076875b32bce0dd7f5a354fe8\material-icons-extended-desktop-1.7.3.jar;C:\Users\Jastin Pepeo\.gradle\caches\modules-2\files-2.1\org.jetbrains.compose.material\material-icons-core-desktop\1.7.3\414b3096050fe647b0638832eace80f22c06b85c\material-icons-core-desktop-1.7.3.jar;C:\Users\Jastin Pepeo\.gradle\caches\modules-2\files-2.1\org.jetbrains.compose.animation\animation-desktop\1.10.3\52a17b8bd5f608cdb60f01c64eee2830b8484ca7\animation-desktop-1.10.3.jar;C:\Users\Jastin Pepeo\.gradle\caches\modules-2\files-2.1\org.jetbrains.compose.foundation\foundation-layout-desktop\1.10.3\149192cb271d4c11905104b9180d5d648b3591f2\foundation-layout-desktop-1.10.3.jar;C:\Users\Jastin Pepeo\.gradle\caches\modules-2\files-2.1\org.jetbrains.compose.animation\animation-core-desktop\1.10.3\5dd98c5745e548644b7657901bbcc4c2c8f9ec59\animation-core-desktop-1.10.3.jar;C:\Users\Jastin Pepeo\.gradle\caches\modules-2\files-2.1\org.jetbrains.compose.ui\ui-desktop\1.10.3\73a6b1e10434fb11bae82daa68c205c71af03c55\ui-desktop-1.10.3.jar;C:\Users\Jastin Pepeo\.gradle\caches\modules-2\files-2.1\io.ktor\ktor-client-content-negotiation-jvm\3.4.3\18a80220c40429a888d0ae152846b58bf01f3713\ktor-client-content-negotiation-jvm-3.4.3.jar;C:\Users\Jastin Pepeo\.gradle\caches\modules-2\files-2.1\io.ktor\ktor-client-cio-jvm\3.4.3\a0b5df3c0913f2fc20f90bf6bd85c47aab6021ad\ktor-client-cio-jvm-3.4.3.jar;C:\Users\Jastin Pepeo\.gradle\caches\modules-2\files-2.1\io.ktor\ktor-client-core-jvm\3.4.3\d13ae94f2d8d9a88fafa7299f2115dabc909d3b6\ktor-client-core-jvm-3.4.3.jar;C:\Users\Jastin Pepeo\.gradle\caches\modules-2\files-2.1\io.ktor\ktor-serialization-kotlinx-json-jvm\3.4.3\24821671212efaaa060be9036d4b1c680c9621cd\ktor-serialization-kotlinx-json-jvm-3.4.3.jar;C:\Users\Jastin Pepeo\.gradle\caches\modules-2\files-2.1\org.jetbrains.kotlinx\kotlinx-coroutines-slf4j\1.10.2\1271f9d4a929150bb87ab8d1dc1e86d4bcf039f3\kotlinx-coroutines-slf4j-1.10.2.jar;C:\Users\Jastin Pepeo\.gradle\caches\modules-2\files-2.1\org.jetbrains.skiko\skiko-awt-runtime-windows-x64\0.9.37.4\348449c8ddcd248c336def6b799a2ee4a58bb546\skiko-awt-runtime-windows-x64-0.9.37.4.jar;C:\Users\Jastin Pepeo\.gradle\caches\modules-2\files-2.1\org.jetbrains.compose.ui\ui-text-desktop\1.10.3\7babd6e2dea601e74bed24b4017350e1acf4569c\ui-text-desktop-1.10.3.jar;C:\Users\Jastin Pepeo\.gradle\caches\modules-2\files-2.1\org.jetbrains.compose.ui\ui-graphics-desktop\1.10.3\1fd5d0189d75eca10163a1f07842627519399337\ui-graphics-desktop-1.10.3.jar;C:\Users\Jastin Pepeo\.gradle\caches\modules-2\files-2.1\org.jetbrains.skiko\skiko-awt\0.9.37.4\fc7470cca1041a52b182a921205c5c224e7709ad\skiko-awt-0.9.37.4.jar;C:\Users\Jastin Pepeo\.gradle\caches\modules-2\files-2.1\org.jetbrains.compose.ui\ui-backhandler-desktop\1.10.3\ed725f86a0fdff73fb37561ffb606166725e4b6f\ui-backhandler-desktop-1.10.3.jar;C:\Users\Jastin Pepeo\.gradle\caches\modules-2\files-2.1\androidx.navigationevent\navigationevent-desktop\1.0.2\ddb1e7fe97ed51c3d35bba493f97fcf12398719\navigationevent-desktop-1.0.2.jar;C:\Users\Jastin Pepeo\.gradle\caches\modules-2\files-2.1\androidx.compose.runtime\runtime-annotation-jvm\1.10.5\ea491da34ba40ae9bd340c393566753ddfd95a76\runtime-annotation-jvm-1.10.5.jar;C:\Users\Jastin Pepeo\.gradle\caches\modules-2\files-2.1\androidx.compose.runtime\runtime-saveable-desktop\1.10.5\f6903c683c07ba479659ba4eb55bc7c80a7c433e\runtime-saveable-desktop-1.10.5.jar;C:\Users\Jastin Pepeo\.gradle\caches\modules-2\files-2.1\org.jetbrains.compose.runtime\runtime-saveable-desktop\1.10.3\9b0e2a8ce3ae7d2b1a40307bc9271933b238cfd4\runtime-saveable-desktop-1.10.3.jar;C:\Users\Jastin Pepeo\.gradle\caches\modules-2\files-2.1\org.jetbrains.androidx.lifecycle\lifecycle-runtime-compose-desktop\2.9.6\7b6b6793f3c4c5996b20d1d99cf728e5fac00364\lifecycle-runtime-compose-desktop-2.9.6.jar;C:\Users\Jastin Pepeo\.gradle\caches\modules-2\files-2.1\org.jetbrains.compose.ui\ui-unit-desktop\1.10.3\aeeb2f31358ab5abf0bafa0828de2faba7189db5\ui-unit-desktop-1.10.3.jar;C:\Users\Jastin Pepeo\.gradle\caches\modules-2\files-2.1\org.jetbrains.compose.ui\ui-geometry-desktop\1.10.3\779ddaadbc03720f7bb2507f6ed6dc4ffc9e7f3e\ui-geometry-desktop-1.10.3.jar;C:\Users\Jastin Pepeo\.gradle\caches\modules-2\files-2.1\org.jetbrains.compose.ui\ui-tooling-preview-desktop\1.10.3\6d464d6c6d654d45aecdfaff7a08d64af62217e2\ui-tooling-preview-desktop-1.10.3.jar;C:\Users\Jastin Pepeo\.gradle\caches\modules-2\files-2.1\org.jetbrains.androidx.savedstate\savedstate-compose-desktop\1.3.6\63692375ffe667f12cb3ea8aa1e605d659ed2add\savedstate-compose-desktop-1.3.6.jar;C:\Users\Jastin Pepeo\.gradle\caches\modules-2\files-2.1\org.jetbrains.compose.runtime\runtime-desktop\1.10.3\edbd39fc9691f4ba1e29c6690341148db4272752\runtime-desktop-1.10.3.jar;C:\Users\Jastin Pepeo\.gradle\caches\modules-2\files-2.1\androidx.lifecycle\lifecycle-viewmodel-savedstate-desktop\2.9.4\72a1919b08c5a4da224d8a65ce1589aa69934e8a\lifecycle-viewmodel-savedstate-desktop-2.9.4.jar;C:\Users\Jastin Pepeo\.gradle\caches\modules-2\files-2.1\androidx.lifecycle\lifecycle-viewmodel-desktop\2.9.4\93fee6d78f0df0e38f36e0fa2eff74f8da6d5481\lifecycle-viewmodel-desktop-2.9.4.jar;C:\Users\Jastin Pepeo\.gradle\caches\modules-2\files-2.1\androidx.lifecycle\lifecycle-runtime-desktop\2.9.4\1cc820319ec0139e76b8a2fe4be0b356b4e624c4\lifecycle-runtime-desktop-2.9.4.jar;C:\Users\Jastin Pepeo\.gradle\caches\modules-2\files-2.1\androidx.savedstate\savedstate-compose-desktop\1.3.3\cd60b543d5722a8b5e6cea1e4ccdec8b4375a22b\savedstate-compose-desktop-1.3.3.jar;C:\Users\Jastin Pepeo\.gradle\caches\modules-2\files-2.1\androidx.savedstate\savedstate-desktop\1.3.3\1c5bfc3fb56614538528060a06f2c03e34fa5188\savedstate-desktop-1.3.3.jar;C:\Users\Jastin Pepeo\.gradle\caches\modules-2\files-2.1\androidx.lifecycle\lifecycle-common-jvm\2.9.4\ab739bccdb3541983385af169565c7c035d897e7\lifecycle-common-jvm-2.9.4.jar;C:\Users\Jastin Pepeo\.gradle\caches\modules-2\files-2.1\androidx.lifecycle\lifecycle-runtime-compose-desktop\2.9.4\86a4ffec845d4e488078118a0b5095bd1fabcafe\lifecycle-runtime-compose-desktop-2.9.4.jar;C:\Users\Jastin Pepeo\.gradle\caches\modules-2\files-2.1\androidx.compose.runtime\runtime-desktop\1.10.5\b1705e2087f06395622b784aa88e2e738043459\runtime-desktop-1.10.5.jar;C:\Users\Jastin Pepeo\.gradle\caches\modules-2\files-2.1\androidx.compose.runtime\runtime-retain-desktop\1.10.5\879812e3cd2c6151f5d91f515a35952b1be07a76\runtime-retain-desktop-1.10.5.jar;C:\Users\Jastin Pepeo\.gradle\caches\modules-2\files-2.1\io.ktor\ktor-http-cio-jvm\3.4.3\b5009e1cc40b502c90c245ea4fd48f95b4a6a09b\ktor-http-cio-jvm-3.4.3.jar;C:\Users\Jastin Pepeo\.gradle\caches\modules-2\files-2.1\io.ktor\ktor-websocket-serialization-jvm\3.4.3\428641dfad289035953735480a20605a0a3d388e\ktor-websocket-serialization-jvm-3.4.3.jar;C:\Users\Jastin Pepeo\.gradle\caches\modules-2\files-2.1\io.ktor\ktor-serialization-kotlinx-jvm\3.4.3\ba16178b0f5ab132b866650c062f31d539d4ed73\ktor-serialization-kotlinx-jvm-3.4.3.jar;C:\Users\Jastin Pepeo\.gradle\caches\modules-2\files-2.1\io.ktor\ktor-serialization-jvm\3.4.3\9cb3959a7795a303a2b0c9dd9a152cf87c81418b\ktor-serialization-jvm-3.4.3.jar;C:\Users\Jastin Pepeo\.gradle\caches\modules-2\files-2.1\io.ktor\ktor-websockets-jvm\3.4.3\9b13706fbdb3c7f5065d71e0d1f17eabda34dbc0\ktor-websockets-jvm-3.4.3.jar;C:\Users\Jastin Pepeo\.gradle\caches\modules-2\files-2.1\io.ktor\ktor-network-tls-jvm\3.4.3\51d1a0433e794ce1135fd6f7dd00d153c1b63765\ktor-network-tls-jvm-3.4.3.jar;C:\Users\Jastin Pepeo\.gradle\caches\modules-2\files-2.1\io.ktor\ktor-http-jvm\3.4.3\1d6f033087f8d270ce06cc8471bc3d805472381f\ktor-http-jvm-3.4.3.jar;C:\Users\Jastin Pepeo\.gradle\caches\modules-2\files-2.1\io.ktor\ktor-events-jvm\3.4.3\21cfaab46ef1538c930781d0fc4ad30817f18bb9\ktor-events-jvm-3.4.3.jar;C:\Users\Jastin Pepeo\.gradle\caches\modules-2\files-2.1\io.ktor\ktor-sse-jvm\3.4.3\f72b604fbe908f7a8f26be2e472dfe8fe0e8ce31\ktor-sse-jvm-3.4.3.jar;C:\Users\Jastin Pepeo\.gradle\caches\modules-2\files-2.1\io.ktor\ktor-network-jvm\3.4.3\60e35f5740b4526ac4aa384c0956920f00ecd91e\ktor-network-jvm-3.4.3.jar;C:\Users\Jastin Pepeo\.gradle\caches\modules-2\files-2.1\io.ktor\ktor-utils-jvm\3.4.3\7904b87f28e962b998244f5663236dca4d90bbd\ktor-utils-jvm-3.4.3.jar;C:\Users\Jastin Pepeo\.gradle\caches\modules-2\files-2.1\io.ktor\ktor-io-jvm\3.4.3\743b93999a7451a371cdef23dccecf0d14a99d4\ktor-io-jvm-3.4.3.jar;C:\Users\Jastin Pepeo\.gradle\caches\modules-2\files-2.1\org.jetbrains.kotlinx\kotlinx-coroutines-core-jvm\1.10.2\4a9f78ef49483748e2c129f3d124b8fa249dafbf\kotlinx-coroutines-core-jvm-1.10.2.jar;C:\Users\Jastin Pepeo\.gradle\caches\modules-2\files-2.1\org.jetbrains.kotlinx\kotlinx-coroutines-swing\1.10.2\ccb5a2e7c83fa76da0ba4677f05678d3bd3eed57\kotlinx-coroutines-swing-1.10.2.jar;C:\Users\Jastin Pepeo\.gradle\caches\modules-2\files-2.1\org.jetbrains.kotlin\kotlin-test\2.3.20\f01df9a21f429ec9f9f7f8cda8eefa92f741ea4a\kotlin-test-2.3.20.jar;C:\Users\Jastin Pepeo\.gradle\caches\modules-2\files-2.1\org.jetbrains.kotlinx\kotlinx-serialization-json-io-jvm\1.11.0\645ed54ca9128fc217b30b3686a083141ebe635c\kotlinx-serialization-json-io-jvm-1.11.0.jar;C:\Users\Jastin Pepeo\.gradle\caches\modules-2\files-2.1\org.jetbrains.kotlinx\kotlinx-serialization-core-jvm\1.11.0\c1905c9bf7452b045d5af9248835abe64ddad6bf\kotlinx-serialization-core-jvm-1.11.0.jar;C:\Users\Jastin Pepeo\.gradle\caches\modules-2\files-2.1\org.jetbrains.kotlinx\kotlinx-serialization-json-jvm\1.11.0\e7e045e99e56f07599bb9ccb708c2190e2af0606\kotlinx-serialization-json-jvm-1.11.0.jar;C:\Users\Jastin Pepeo\.gradle\caches\modules-2\files-2.1\com.fasterxml.jackson.core\jackson-databind\2.21.2\71ab8ff75b4fd74afdee0004173fdd15de1d6a28\jackson-databind-2.21.2.jar;C:\Users\Jastin Pepeo\.gradle\caches\modules-2\files-2.1\com.fasterxml.jackson.core\jackson-core\2.21.2\7d11eac823392f28d8ee7bda77eaadfccbab83e5\jackson-core-2.21.2.jar;C:\Users\Jastin Pepeo\.gradle\caches\modules-2\files-2.1\com.fasterxml.jackson.module\jackson-module-kotlin\2.21.2\fead9c81f170fb041ff014cccf3085e31ccc0726\jackson-module-kotlin-2.21.2.jar;C:\Users\Jastin Pepeo\.gradle\caches\modules-2\files-2.1\org.jetbrains.kotlin\kotlin-reflect\2.1.21\4929da533b3f04a101e4bb9ae0ee51a1d8107614\kotlin-reflect-2.1.21.jar;C:\Users\Jastin Pepeo\.gradle\caches\modules-2\files-2.1\co.touchlab\kermit-jvm\2.1.0\879e4b9b30d2bb77bdb4dd6b2cd63aea9bc2f800\kermit-jvm-2.1.0.jar;C:\Users\Jastin Pepeo\.gradle\caches\modules-2\files-2.1\org.jetbrains.kotlin\kotlin-stdlib-jdk8\2.2.20\57c4d839a6e5ad105d61ffc5cc0bf4de649c1714\kotlin-stdlib-jdk8-2.2.20.jar;C:\Users\Jastin Pepeo\.gradle\caches\modules-2\files-2.1\org.jetbrains.compose.ui\ui-util-desktop\1.10.3\fe41825dccacb792ded7df579736a0ed919ee270\ui-util-desktop-1.10.3.jar;C:\Users\Jastin Pepeo\.gradle\caches\modules-2\files-2.1\org.jetbrains.kotlinx\atomicfu-jvm\0.23.2\a4601dc42dceb031a586058e8356ff778a57dea0\atomicfu-jvm-0.23.2.jar;C:\Users\Jastin Pepeo\.gradle\caches\modules-2\files-2.1\co.touchlab\kermit-core-jvm\2.1.0\7d782124fef2b0c4dccf07208e1cf3aa13b57058\kermit-core-jvm-2.1.0.jar;C:\Users\Jastin Pepeo\.gradle\caches\modules-2\files-2.1\org.jetbrains.kotlin\kotlin-stdlib-jdk7\2.2.20\bdbe3b5d872fa3b74d8fcd4e7ca3193f4abc9cc8\kotlin-stdlib-jdk7-2.2.20.jar;C:\Users\Jastin Pepeo\.gradle\caches\modules-2\files-2.1\androidx.collection\collection-jvm\1.5.0\7ba2c69414d46ebc2dd76598bdd0a75c54281a57\collection-jvm-1.5.0.jar;C:\Users\Jastin Pepeo\.gradle\caches\modules-2\files-2.1\androidx.arch.core\core-common\2.2.0\5e1b8b81dfd5f52c56a8d53b18ca759c19a301f3\core-common-2.2.0.jar;C:\Users\Jastin Pepeo\.gradle\caches\modules-2\files-2.1\androidx.annotation\annotation-jvm\1.9.1\b17951747e38bf3986a24431b9ba0d039958aa5f\annotation-jvm-1.9.1.jar;C:\Users\Jastin Pepeo\.gradle\caches\modules-2\files-2.1\org.jetbrains.kotlinx\kotlinx-io-core-jvm\0.8.2\358a9f2ba2dc81c5dc84c3d1853f6e5efba63be1\kotlinx-io-core-jvm-0.8.2.jar;C:\Users\Jastin Pepeo\.gradle\caches\modules-2\files-2.1\org.jetbrains.kotlinx\kotlinx-io-bytestring-jvm\0.8.2\89c5399596250e71f2bba6d2415972a078a525c7\kotlinx-io-bytestring-jvm-0.8.2.jar;C:\Users\Jastin Pepeo\.gradle\caches\modules-2\files-2.1\org.jetbrains.kotlin\kotlin-stdlib\2.3.20\ed866de74ad3d49086a27bbd75952cd186479436\kotlin-stdlib-2.3.20.jar;C:\Users\Jastin Pepeo\.gradle\caches\modules-2\files-2.1\org.glassfish.jaxb\jaxb-runtime\4.0.7\49a0f8e7e3a40fcf3ba812721f682e12bec1878d\jaxb-runtime-4.0.7.jar;C:\Users\Jastin Pepeo\.gradle\caches\modules-2\files-2.1\com.konghq\unirest-java\3.14.5\bb43cef05994d07795e99e0a548f9226dbb76fca\unirest-java-3.14.5.jar;C:\Users\Jastin Pepeo\.gradle\caches\modules-2\files-2.1\io.netty\netty-all\4.2.5.Final\89dd1bc806c5dc5eed000e07fb8a02eb0758cd7b\netty-all-4.2.5.Final.jar;C:\Users\Jastin Pepeo\.gradle\caches\modules-2\files-2.1\org.jboss.marshalling\jboss-marshalling-river\2.3.0\38eb9af72544f918f55a8c56b77e05baf7a446a7\jboss-marshalling-river-2.3.0.jar;C:\Users\Jastin Pepeo\.gradle\caches\modules-2\files-2.1\org.jboss.marshalling\jboss-marshalling\2.3.0\4efca9c056a05ea5358340044a2a3af7849174e3\jboss-marshalling-2.3.0.jar;C:\Users\Jastin Pepeo\.gradle\caches\modules-2\files-2.1\ch.qos.logback\logback-classic\1.5.32\2b1042c50f508f2eb402bd4d22ccbdf94cc37d2e\logback-classic-1.5.32.jar;C:\Users\Jastin Pepeo\.gradle\caches\modules-2\files-2.1\org.slf4j\slf4j-api\2.0.17\d9e58ac9c7779ba3bf8142aff6c830617a7fe60f\slf4j-api-2.0.17.jar;C:\Users\Jastin Pepeo\.gradle\caches\modules-2\files-2.1\com.google.protobuf\protobuf-java\4.34.1\e3b07cd3be66ec918b9fa4db9863c86d5eeea891\protobuf-java-4.34.1.jar;D:\lora\qingliao\CharRoom\proto\build\libs\proto.jar;C:\Users\Jastin Pepeo\.gradle\caches\modules-2\files-2.1\org.jetbrains\annotations\23.0.0\8cc20c07506ec18e0834947b84a864bfc094484e\annotations-23.0.0.jar;C:\Users\Jastin Pepeo\.gradle\caches\modules-2\files-2.1\org.glassfish.jaxb\jaxb-core\4.0.7\dd1decf15c72a49d8f0b4de2d7ba74a3498c70b9\jaxb-core-4.0.7.jar;C:\Users\Jastin Pepeo\.gradle\caches\modules-2\files-2.1\org.apache.httpcomponents\httpmime\4.5.13\efc110bad4a0d45cda7858e6beee1d8a8313da5a\httpmime-4.5.13.jar;C:\Users\Jastin Pepeo\.gradle\caches\modules-2\files-2.1\org.apache.httpcomponents\httpclient\4.5.13\e5f6cae5ca7ecaac1ec2827a9e2d65ae2869cada\httpclient-4.5.13.jar;C:\Users\Jastin Pepeo\.gradle\caches\modules-2\files-2.1\org.apache.httpcomponents\httpcore-nio\4.4.13\3f897ace4d7f10f0ea6a58f524a3b105dd483653\httpcore-nio-4.4.13.jar;C:\Users\Jastin Pepeo\.gradle\caches\modules-2\files-2.1\org.apache.httpcomponents\httpasyncclient\4.1.5\cd18227f1eb8e9a263286c1d7362ceb24f6f9b32\httpasyncclient-4.1.5.jar;C:\Users\Jastin Pepeo\.gradle\caches\modules-2\files-2.1\commons-codec\commons-codec\1.15\49d94806b6e3dc933dacbd8acb0fdbab8ebd1e5d\commons-codec-1.15.jar;C:\Users\Jastin Pepeo\.gradle\caches\modules-2\files-2.1\com.google.code.gson\gson\2.10\dd9b193aef96e973d5a11ab13cd17430c2e4306b\gson-2.10.jar;C:\Users\Jastin Pepeo\.gradle\caches\modules-2\files-2.1\io.netty\netty-transport-native-epoll\4.2.5.Final\1cae588ccf9035a761f196742c6021694fb841ca\netty-transport-native-epoll-4.2.5.Final-linux-x86_64.jar;C:\Users\Jastin Pepeo\.gradle\caches\modules-2\files-2.1\io.netty\netty-transport-native-epoll\4.2.5.Final\26a3cc1878cda81b14f5a483559153895a9c0791\netty-transport-native-epoll-4.2.5.Final-linux-aarch_64.jar;C:\Users\Jastin Pepeo\.gradle\caches\modules-2\files-2.1\io.netty\netty-transport-native-epoll\4.2.5.Final\5b9579b4312fd757cb6837d894d68dd3673f7551\netty-transport-native-epoll-4.2.5.Final-linux-riscv64.jar;C:\Users\Jastin Pepeo\.gradle\caches\modules-2\files-2.1\io.netty\netty-transport-native-io_uring\4.2.5.Final\3bc0d0105b51833774f720d252e19f6d6ada8252\netty-transport-native-io_uring-4.2.5.Final-linux-x86_64.jar;C:\Users\Jastin Pepeo\.gradle\caches\modules-2\files-2.1\io.netty\netty-transport-native-io_uring\4.2.5.Final\62dfe1393c5efcd16616c8dc9e6c396886b78f60\netty-transport-native-io_uring-4.2.5.Final-linux-aarch_64.jar;C:\Users\Jastin Pepeo\.gradle\caches\modules-2\files-2.1\io.netty\netty-transport-native-io_uring\4.2.5.Final\4c0486f639f7f496b7db4381fac8a36716838d2d\netty-transport-native-io_uring-4.2.5.Final-linux-riscv64.jar;C:\Users\Jastin Pepeo\.gradle\caches\modules-2\files-2.1\io.netty\netty-transport-native-kqueue\4.2.5.Final\dd59198dca1692feba23d5ce4fc8d4dbe4d5096c\netty-transport-native-kqueue-4.2.5.Final-osx-x86_64.jar;C:\Users\Jastin Pepeo\.gradle\caches\modules-2\files-2.1\io.netty\netty-transport-native-kqueue\4.2.5.Final\2575895a7a4bf86f5f339eba587c7ac02cfc8bc4\netty-transport-native-kqueue-4.2.5.Final-osx-aarch_64.jar;C:\Users\Jastin Pepeo\.gradle\caches\modules-2\files-2.1\io.netty\netty-transport-classes-epoll\4.2.5.Final\b2c3dd3ca58aab9a969f2a1fe90d82b3ab74871e\netty-transport-classes-epoll-4.2.5.Final.jar;C:\Users\Jastin Pepeo\.gradle\caches\modules-2\files-2.1\io.netty\netty-transport-classes-io_uring\4.2.5.Final\4d1de51e478a84fc032bc8563b69d7ab3f5fc8ff\netty-transport-classes-io_uring-4.2.5.Final.jar;C:\Users\Jastin Pepeo\.gradle\caches\modules-2\files-2.1\io.netty\netty-transport-classes-kqueue\4.2.5.Final\2a61a8a2b5ade292d2154e874386280caad1c61b\netty-transport-classes-kqueue-4.2.5.Final.jar;C:\Users\Jastin Pepeo\.gradle\caches\modules-2\files-2.1\io.netty\netty-resolver-dns-native-macos\4.2.5.Final\5c81e48f3af3e6b8b9d8eef029736fcc0872b4aa\netty-resolver-dns-native-macos-4.2.5.Final-osx-x86_64.jar;C:\Users\Jastin Pepeo\.gradle\caches\modules-2\files-2.1\io.netty\netty-resolver-dns-native-macos\4.2.5.Final\56711556fc657efd0d2a0742c7dcc7dab0a57bf\netty-resolver-dns-native-macos-4.2.5.Final-osx-aarch_64.jar;C:\Users\Jastin Pepeo\.gradle\caches\modules-2\files-2.1\io.netty\netty-resolver-dns-classes-macos\4.2.5.Final\7b04dbecbf3f4b49a4a333a0b547f62d877c41d0\netty-resolver-dns-classes-macos-4.2.5.Final.jar;C:\Users\Jastin Pepeo\.gradle\caches\modules-2\files-2.1\io.netty\netty-codec-native-quic\4.2.5.Final\3afccf72de50d936272027b9dc23d983f8ea4748\netty-codec-native-quic-4.2.5.Final-linux-x86_64.jar;C:\Users\Jastin Pepeo\.gradle\caches\modules-2\files-2.1\io.netty\netty-codec-native-quic\4.2.5.Final\bc2d3d19dff30326e4eaaafc9470269b610a6489\netty-codec-native-quic-4.2.5.Final-linux-aarch_64.jar;C:\Users\Jastin Pepeo\.gradle\caches\modules-2\files-2.1\io.netty\netty-codec-native-quic\4.2.5.Final\6f43f6d3f6f84f9ec91237b7b79dd0637b47d19f\netty-codec-native-quic-4.2.5.Final-osx-x86_64.jar;C:\Users\Jastin Pepeo\.gradle\caches\modules-2\files-2.1\io.netty\netty-codec-native-quic\4.2.5.Final\70c8fe300e0c9cfe8aa4978ea10c584abaccc2b9\netty-codec-native-quic-4.2.5.Final-osx-aarch_64.jar;C:\Users\Jastin Pepeo\.gradle\caches\modules-2\files-2.1\io.netty\netty-codec-native-quic\4.2.5.Final\7d6fd02ce128b93f1532177def03b7050356e149\netty-codec-native-quic-4.2.5.Final-windows-x86_64.jar;C:\Users\Jastin Pepeo\.gradle\caches\modules-2\files-2.1\io.netty\netty-codec-classes-quic\4.2.5.Final\ff62819bc034bf2ed524352b95ef2999c17b36c\netty-codec-classes-quic-4.2.5.Final.jar;C:\Users\Jastin Pepeo\.gradle\caches\modules-2\files-2.1\io.netty\netty-resolver-dns\4.2.5.Final\6fcd8a0a443fb32cbfc0329efdac4b2ef025452c\netty-resolver-dns-4.2.5.Final.jar;C:\Users\Jastin Pepeo\.gradle\caches\modules-2\files-2.1\io.netty\netty-handler\4.2.5.Final\8598e3b5c42e123c62afd2ce0fc95da8344024c2\netty-handler-4.2.5.Final.jar;C:\Users\Jastin Pepeo\.gradle\caches\modules-2\files-2.1\io.netty\netty-transport-native-unix-common\4.2.5.Final\d92a6258ec67443c62949df9b82f877b72903fe2\netty-transport-native-unix-common-4.2.5.Final.jar;C:\Users\Jastin Pepeo\.gradle\caches\modules-2\files-2.1\io.netty\netty-codec-dns\4.2.5.Final\a71936494765204eb9bf260fc3976283f582df75\netty-codec-dns-4.2.5.Final.jar;C:\Users\Jastin Pepeo\.gradle\caches\modules-2\files-2.1\io.netty\netty-codec-base\4.2.5.Final\21d10a714c0ae95ec575ae36b715ebb41b03107\netty-codec-base-4.2.5.Final.jar;C:\Users\Jastin Pepeo\.gradle\caches\modules-2\files-2.1\io.netty\netty-transport\4.2.5.Final\6598457ae8af1b5e830445b60d3479ddb2af2d43\netty-transport-4.2.5.Final.jar;C:\Users\Jastin Pepeo\.gradle\caches\modules-2\files-2.1\io.netty\netty-buffer\4.2.5.Final\ec2a90c9909190759c0e4a6101efae52a7947ada\netty-buffer-4.2.5.Final.jar;C:\Users\Jastin Pepeo\.gradle\caches\modules-2\files-2.1\io.netty\netty-codec\4.2.5.Final\b72947abb359665685054bfa987db0524b53280b\netty-codec-4.2.5.Final.jar;C:\Users\Jastin Pepeo\.gradle\caches\modules-2\files-2.1\io.netty\netty-codec-haproxy\4.2.5.Final\9b82dfb422725c433dc266839e555330db3c2711\netty-codec-haproxy-4.2.5.Final.jar;C:\Users\Jastin Pepeo\.gradle\caches\modules-2\files-2.1\io.netty\netty-codec-compression\4.2.5.Final\e27c388e9fa6887f016c9e04e81085179ca4387a\netty-codec-compression-4.2.5.Final.jar;C:\Users\Jastin Pepeo\.gradle\caches\modules-2\files-2.1\io.netty\netty-codec-http\4.2.5.Final\7b2224b70c6278041cd6cdc9401c9dd02c144e40\netty-codec-http-4.2.5.Final.jar;C:\Users\Jastin Pepeo\.gradle\caches\modules-2\files-2.1\io.netty\netty-codec-http2\4.2.5.Final\209c95d21655b1ff009b1c641799173d40f91921\netty-codec-http2-4.2.5.Final.jar;C:\Users\Jastin Pepeo\.gradle\caches\modules-2\files-2.1\io.netty\netty-codec-http3\4.2.5.Final\fab423f8db128380be94ba5f40db71c212398f9f\netty-codec-http3-4.2.5.Final.jar;C:\Users\Jastin Pepeo\.gradle\caches\modules-2\files-2.1\org.jctools\jctools-core\4.0.5\9ab38ca19877236986db4894ef1400a7ca23db80\jctools-core-4.0.5.jar;C:\Users\Jastin Pepeo\.gradle\caches\modules-2\files-2.1\org.bouncycastle\bcprov-jdk18on\1.80\e22100b41042decf09cab914a5af8d2c57b5ac4a\bcprov-jdk18on-1.80.jar;C:\Users\Jastin Pepeo\.gradle\caches\modules-2\files-2.1\io.netty\netty-codec-memcache\4.2.5.Final\c994b762aa54fe6494b423519b6b09588571555b\netty-codec-memcache-4.2.5.Final.jar;C:\Users\Jastin Pepeo\.gradle\caches\modules-2\files-2.1\io.netty\netty-codec-mqtt\4.2.5.Final\731658695064c78f14c1d2b745a38af5bb65e34b\netty-codec-mqtt-4.2.5.Final.jar;C:\Users\Jastin Pepeo\.gradle\caches\modules-2\files-2.1\io.netty\netty-codec-redis\4.2.5.Final\7e9e82dac41d5799720ee78b8e566a2966e0c585\netty-codec-redis-4.2.5.Final.jar;C:\Users\Jastin Pepeo\.gradle\caches\modules-2\files-2.1\io.netty\netty-codec-smtp\4.2.5.Final\297082dc5ba72482170ecee02acf19c0f19ff733\netty-codec-smtp-4.2.5.Final.jar;C:\Users\Jastin Pepeo\.gradle\caches\modules-2\files-2.1\io.netty\netty-codec-socks\4.2.5.Final\436fb89ce55afc5a935bbbbd1ceef6b0aa68c45f\netty-codec-socks-4.2.5.Final.jar;C:\Users\Jastin Pepeo\.gradle\caches\modules-2\files-2.1\io.netty\netty-codec-stomp\4.2.5.Final\4bb9da85dc33f6400ce97d3d4033c9e00fb532cb\netty-codec-stomp-4.2.5.Final.jar;C:\Users\Jastin Pepeo\.gradle\caches\modules-2\files-2.1\io.netty\netty-codec-xml\4.2.5.Final\72cf0d385235d5bcafcd397330515eaa666cac8e\netty-codec-xml-4.2.5.Final.jar;C:\Users\Jastin Pepeo\.gradle\caches\modules-2\files-2.1\io.netty\netty-codec-protobuf\4.2.5.Final\c03dac19fbd559c14b2333bd875102473eb4bcbc\netty-codec-protobuf-4.2.5.Final.jar;C:\Users\Jastin Pepeo\.gradle\caches\modules-2\files-2.1\io.netty\netty-codec-marshalling\4.2.5.Final\92d813184c51281953d208218610cc755a556924\netty-codec-marshalling-4.2.5.Final.jar;C:\Users\Jastin Pepeo\.gradle\caches\modules-2\files-2.1\io.netty\netty-resolver\4.2.5.Final\301e2a663e66367f945832381a159fbb0de02dd2\netty-resolver-4.2.5.Final.jar;C:\Users\Jastin Pepeo\.gradle\caches\modules-2\files-2.1\io.netty\netty-common\4.2.5.Final\da799ee8e1a5766d8b72475e1c51e221203cd3df\netty-common-4.2.5.Final.jar;C:\Users\Jastin Pepeo\.gradle\caches\modules-2\files-2.1\io.netty\netty-handler-proxy\4.2.5.Final\6b340aea0ea274ba522b12f70cc97764f20d4a37\netty-handler-proxy-4.2.5.Final.jar;C:\Users\Jastin Pepeo\.gradle\caches\modules-2\files-2.1\io.netty\netty-handler-ssl-ocsp\4.2.5.Final\c6983fa8d5d13e5b41a408da9056ab7cf848ec43\netty-handler-ssl-ocsp-4.2.5.Final.jar;C:\Users\Jastin Pepeo\.gradle\caches\modules-2\files-2.1\io.netty\netty-transport-rxtx\4.2.5.Final\c257bc8abf3a9599efc8a3ddad6c3144cc202b89\netty-transport-rxtx-4.2.5.Final.jar;C:\Users\Jastin Pepeo\.gradle\caches\modules-2\files-2.1\io.netty\netty-transport-sctp\4.2.5.Final\b468d380d05f62d0d3d31d6461978cc8ad295abc\netty-transport-sctp-4.2.5.Final.jar;C:\Users\Jastin Pepeo\.gradle\caches\modules-2\files-2.1\io.netty\netty-transport-udt\4.2.5.Final\f1466374d5038ad8df850142f462a3135650bfd0\netty-transport-udt-4.2.5.Final.jar;C:\Users\Jastin Pepeo\.gradle\caches\modules-2\files-2.1\ch.qos.logback\logback-core\1.5.32\fdfb3ff9a842303d4a95207294a6c6bc64e2605d\logback-core-1.5.32.jar;C:\Users\Jastin Pepeo\.gradle\caches\modules-2\files-2.1\com.fasterxml.jackson.core\jackson-annotations\2.21\b1bc1868bf02dc0bd6c7836257a036a331005309\jackson-annotations-2.21.jar;C:\Users\Jastin Pepeo\.gradle\caches\modules-2\files-2.1\jakarta.xml.bind\jakarta.xml.bind-api\4.0.5\161811f36cad3c65991502e80317f2f6703361df\jakarta.xml.bind-api-4.0.5.jar;C:\Users\Jastin Pepeo\.gradle\caches\modules-2\files-2.1\org.eclipse.angus\angus-activation\2.0.3\7f80607ea5014fef0b1779e6c33d63a88a45a563\angus-activation-2.0.3.jar;C:\Users\Jastin Pepeo\.gradle\caches\modules-2\files-2.1\jakarta.activation\jakarta.activation-api\2.1.4\9e5c2a0d75dde71a0bedc4dbdbe47b78a5dc50f8\jakarta.activation-api-2.1.4.jar;C:\Users\Jastin Pepeo\.gradle\caches\modules-2\files-2.1\org.glassfish.jaxb\txw2\4.0.7\a02be508a065d5fed3d4fedf7ddc4f17cad68992\txw2-4.0.7.jar;C:\Users\Jastin Pepeo\.gradle\caches\modules-2\files-2.1\com.sun.istack\istack-commons-runtime\4.1.2\18ec117c85f3ba0ac65409136afa8e42bc74e739\istack-commons-runtime-4.1.2.jar;C:\Users\Jastin Pepeo\.gradle\caches\modules-2\files-2.1\org.apache.httpcomponents\httpcore\4.4.13\853b96d3afbb7bf8cc303fe27ee96836a10c1834\httpcore-4.4.13.jar;C:\Users\Jastin Pepeo\.gradle\caches\modules-2\files-2.1\commons-logging\commons-logging\1.2\4bfc12adfe4842bf07b657f0369c4cb522955686\commons-logging-1.2.jar;C:\Users\Jastin Pepeo\.gradle\caches\modules-2\files-2.1\org.jetbrains.runtime\jbr-api\1.5.0\4158e485a7a4ecfd521e03095d81e0225529e8d2\jbr-api-1.5.0.jar;C:\Users\Jastin Pepeo\.gradle\caches\modules-2\files-2.1\org.jspecify\jspecify\1.0.0\7425a601c1c7ec76645a78d22b8c6a627edee507\jspecify-1.0.0.jar
Launcher Type: SUN_STANDARD

[Global flags]
     intx CICompilerCount                          = 4                                         {product} {ergonomic}
     uint ConcGCThreads                            = 3                                         {product} {ergonomic}
     uint G1ConcRefinementThreads                  = 10                                        {product} {ergonomic}
   size_t G1HeapRegionSize                         = 2097152                                   {product} {ergonomic}
    uintx GCDrainStackTargetSize                   = 64                                        {product} {ergonomic}
   size_t InitialHeapSize                          = 266338304                                 {product} {ergonomic}
   size_t MarkStackSize                            = 4194304                                   {product} {ergonomic}
   size_t MaxHeapSize                              = 4238344192                                {product} {ergonomic}
   size_t MinHeapDeltaBytes                        = 2097152                                   {product} {ergonomic}
   size_t MinHeapSize                              = 8388608                                   {product} {ergonomic}
    uintx NonNMethodCodeHeapSize                   = 5839372                                {pd product} {ergonomic}
    uintx NonProfiledCodeHeapSize                  = 122909434                              {pd product} {ergonomic}
    uintx ProfiledCodeHeapSize                     = 122909434                              {pd product} {ergonomic}
    uintx ReservedCodeCacheSize                    = 251658240                              {pd product} {ergonomic}
     bool SegmentedCodeCache                       = true                                      {product} {ergonomic}
   size_t SoftMaxHeapSize                          = 4238344192                             {manageable} {ergonomic}
     bool UseCompressedOops                        = true                           {product lp64_product} {ergonomic}
     bool UseG1GC                                  = true                                      {product} {ergonomic}
     bool UseLargePagesIndividualAllocation        = false                                  {pd product} {ergonomic}

Logging:
Log output configuration:
 #0: stdout all=warning uptime,level,tags foldmultilines=false
 #1: stderr all=off uptime,level,tags foldmultilines=false

Release file:
<release file has not been read>
Environment Variables:
JAVA_HOME=C:\Users\Jastin Pepeo\.jdks\corretto-21.0.10
PATH=;C:\Program Files (x86)\VMware\VMware Workstation\bin\;D:\Program Files\MATLAB\R2019a\bin\win64;C:\Program Files (x86)\Common Files\Intel\Shared Libraries\redist\intel64\compiler;C:\Windows\system32;C:\Windows;C:\Windows\System32\Wbem;C:\Windows\System32\WindowsPowerShell\v1.0\;C:\Windows\System32\OpenSSH\;C:\Program Files (x86)\NVIDIA Corporation\PhysX\Common;C:\Program Files\NVIDIA Corporation\NVIDIA NvDLISR;C:\Program Files\dotnet\;C:\Program Files\Microsoft SQL Server\150\Tools\Binn\;C:\Program Files (x86)\EasyShare\x86\;C:\Program Files (x86)\EasyShare\x64\;C:\WINDOWS\system32;C:\WINDOWS;C:\WINDOWS\System32\Wbem;C:\WINDOWS\System32\WindowsPowerShell\v1.0\;C:\WINDOWS\System32\OpenSSH\;C:\Users\Jastin Pepeo\AppData\Local\Programs\Python\Python312\Scripts\;C:\Users\Jastin Pepeo\AppData\Local\Programs\Python\Python312\;C:\Users\Jastin Pepeo\AppData\Local\Microsoft\WindowsApps;C:\Users\Jastin Pepeo\.dotnet\tools;%ERLANG_HOME%\bin;C:\Program Files\CodeBlocks\MinGW\bin;C:\Program Files (x86)\Graphviz2.38\bin;C:\Program Files\Git\cmd;C:\Program Files (x86)\NetSarang\Xshell 8\;D:\Program Files (x86)\Go\bin;C:\Program Files (x86)\scala\bin;C:\Users\Jastin Pepeo\AppData\Local\nvm;C:\nvm4w\nodejs;C:\Users\Jastin Pepeo\AppData\Local\Programs\Python\Python312\Scripts\;C:\Users\Jastin Pepeo\AppData\Local\Programs\Python\Python312\;C:\Users\Jastin Pepeo\AppData\Local\Microsoft\WindowsApps;C:\Users\Jastin Pepeo\.dotnet\tools;D:\Program Files\JetBrains\PyCharm 2023.2.5\bin;C:\Users\Jastin Pepeo\AppData\Local\JetBrains\Toolbox\scripts;E:\ĐÂ˝¨ÎÄĽţĽĐ\ffmpeg\bin;D:\lora\Mysql\mysql-5.7.19-winx64\bin\bin;C:\Users\Jastin Pepeo\.jdks\corretto-21.0.10\bin;C:\Users\Jastin Pepeo\.jdks\corretto-21.0.10\jre\bin;D:\Program Files\apache-maven-3.9.9\bin;D:\lora\kotlin\kotlin-compiler-2.0.20\kotlinc\bin;E:\Environment\android-sdk-windows\platform-tools;E:\Environment\android-sdk-windows\tools;C:\Users\Jastin Pepeo\go\bin;D:\Program Files (x86)\Go\bin;D:\Program Files (x86)\Gopath\bin;C:\Users\Jastin Pepeo\.dotnet\tools;D:\Users\Jastin Pepeo\AppData\Local\Programs\Microsoft VS Code\bin;D:\Users\Jastin Pepeo\AppData\Local\Programs\WorkBuddy\bin;C:\Users\Jastin Pepeo\AppData\Local\nvm;C:\nvm4w\nodejs;C:\Users\Jastin Pepeo\AppData\Local\Programs\OpenClawWithLds\resources\cli;C:\Users\Jastin Pepeo\AppData\Local\Microsoft\WinGet\Links;C:\Users\Jastin Pepeo\AppData\Roaming\npm;
USERNAME=Jastin Pepeo
OS=Windows_NT
PROCESSOR_IDENTIFIER=Intel64 Family 6 Model 141 Stepping 1, GenuineIntel
TMP=C:\Users\JASTIN~1\AppData\Local\Temp
TEMP=C:\Users\JASTIN~1\AppData\Local\Temp




Periodic native trim disabled

---------------  S Y S T E M  ---------------

OS:
 Windows 11 , 64 bit Build 22621 (10.0.22621.4391)
OS uptime: 0 days 3:04 hours
Hyper-V role detected

CPU: total 12 (initial active 12) (6 cores per cpu, 2 threads per core) family 6 model 141 stepping 1 microcode 0x2c, cx8, cmov, fxsr, ht, mmx, 3dnowpref, sse, sse2, sse3, ssse3, sse4.1, sse4.2, popcnt, lzcnt, tsc, tscinvbit, avx, avx2, aes, erms, clmul, bmi1, bmi2, adx, avx512f, avx512dq, avx512cd, avx512bw, avx512vl, sha, fma, vzeroupper, avx512_vpopcntdq, avx512_vpclmulqdq, avx512_vaes, avx512_vnni, clflush, clflushopt, clwb, avx512_vbmi2, avx512_vbmi, hv, rdtscp, rdpid, fsrm, gfni, avx512_bitalg, f16c, cet_ibt, cet_ss, avx512_ifma
Processor Information for the first 12 processors :
  Max Mhz: 2611, Current Mhz: 2611, Mhz Limit: 2611

Memory: 4k page, system-wide physical 16163M (1374M free)
TotalPageFile size 24339M (AvailPageFile size 131M)
current process WorkingSet (physical memory assigned to process): 13M, peak: 13M
current process commit charge ("private bytes"): 65M, peak: 319M

vm_info: OpenJDK 64-Bit Server VM (21.0.10+7-LTS) for windows-amd64 JRE (21.0.10+7-LTS), built on 2026-01-15T22:13:46Z by "Administrator" with MS VC++ 17.14 (VS2022)

END.
