#
# A fatal error has been detected by the Java Runtime Environment:
#
#  EXCEPTION_ACCESS_VIOLATION (0xc0000005) at pc=0x00007fffc5c66e32, pid=4608, tid=15908
#
# JRE version: OpenJDK Runtime Environment Corretto-17.0.13.11.1 (17.0.13+11) (build 17.0.13+11-LTS)
# Java VM: OpenJDK 64-Bit Server VM Corretto-17.0.13.11.1 (17.0.13+11-LTS, mixed mode, sharing, tiered, compressed oops, compressed class ptrs, g1 gc, windows-amd64)
# Problematic frame:
# V  [jvm.dll+0x3e6e32]
#
# No core dump will be written. Minidumps are not enabled by default on client versions of Windows
#
# If you would like to submit a bug report, please visit:
#   https://github.com/corretto/corretto-17/issues/
#

---------------  S U M M A R Y ------------

Command Line: -Dcompose.application.configure.swing.globals=true -Dcompose.application.resources.dir=D:\lora\CharRoom\build\compose\tmp\prepareAppResources -Dfile.encoding=UTF-8 -Duser.country=CN -Duser.language=zh -Duser.variant MainKt

Host: 11th Gen Intel(R) Core(TM) i5-11260H @ 2.60GHz, 12 cores, 15G,  Windows 11 , 64 bit Build 22621 (10.0.22621.2506)
Time: Sat Nov  9 19:28:41 2024  Windows 11 , 64 bit Build 22621 (10.0.22621.2506) elapsed time: 3.139005 seconds (0d 0h 0m 3s)

---------------  T H R E A D  ---------------

Current thread (0x000001ab7658b1c0):  JavaThread "DefaultDispatcher-worker-1" daemon [_thread_in_vm, id=15908, stack(0x0000002bfcf00000,0x0000002bfd000000)]

Stack: [0x0000002bfcf00000,0x0000002bfd000000],  sp=0x0000002bfcffeb60,  free space=1018k
Native frames: (J=compiled Java code, j=interpreted, Vv=VM code, C=native code)
V  [jvm.dll+0x3e6e32]
C  [skiko-windows-x64.dll+0x598fc]

Java frames: (J=compiled Java code, j=interpreted, Vv=VM code)
j  org.jetbrains.skiko.redrawer.Direct3DRedrawer.swap(JZ)V+0
j  org.jetbrains.skiko.redrawer.Direct3DRedrawer.drawAndSwap(Z)V+30
j  org.jetbrains.skiko.redrawer.Direct3DRedrawer.access$drawAndSwap(Lorg/jetbrains/skiko/redrawer/Direct3DRedrawer;Z)V+2
j  org.jetbrains.skiko.redrawer.Direct3DRedrawer$draw$2$1.invokeSuspend(Ljava/lang/Object;)Ljava/lang/Object;+46
j  kotlin.coroutines.jvm.internal.BaseContinuationImpl.resumeWith(Ljava/lang/Object;)V+44
j  kotlinx.coroutines.DispatchedTask.run()V+314
j  kotlinx.coroutines.internal.LimitedDispatcher.run()V+20
j  kotlinx.coroutines.scheduling.TaskImpl.run()V+5
j  kotlinx.coroutines.scheduling.CoroutineScheduler.runSafely(Lkotlinx/coroutines/scheduling/Task;)V+2
j  kotlinx.coroutines.scheduling.CoroutineScheduler$Worker.executeTask(Lkotlinx/coroutines/scheduling/Task;)V+30
j  kotlinx.coroutines.scheduling.CoroutineScheduler$Worker.runWorker()V+44
j  kotlinx.coroutines.scheduling.CoroutineScheduler$Worker.run()V+1
v  ~StubRoutines::call_stub

siginfo: EXCEPTION_ACCESS_VIOLATION (0xc0000005), reading address 0x0000000000000000


Registers:
RAX=0x0000000000000000, RBX=0x000001ab7658b1c0, RCX=0xf5905e3e97dc0000, RDX=0x000001ab77a43120
RSP=0x0000002bfcffeb60, RBP=0x0000002bfcffec58, RSI=0x0000000000000000, RDI=0x000001ab7658b478
R8 =0x0000000000000000, R9 =0x0000002bfcffec58, R10=0x000001ab7658b1c0, R11=0x0000002bfcffeb58
R12=0x0000000000000000, R13=0x000001ab72b17f50, R14=0x0000002bfcffee50, R15=0x000001ab7658b1c0
RIP=0x00007fffc5c66e32, EFLAGS=0x0000000000010206


Register to memory mapping:

RIP=0x00007fffc5c66e32 jvm.dll
RAX=0x0 is NULL
RBX=0x000001ab7658b1c0 is a thread
RCX=0xf5905e3e97dc0000 is an unknown value
RDX=0x000001ab77a43120 is a global jni handle
RSP=0x0000002bfcffeb60 is pointing into the stack for thread: 0x000001ab7658b1c0
RBP=0x0000002bfcffec58 is pointing into the stack for thread: 0x000001ab7658b1c0
RSI=0x0 is NULL
RDI=0x000001ab7658b478 points into unknown readable memory: 0x00007fffc63a3820 | 20 38 3a c6 ff 7f 00 00
R8 =0x0 is NULL
R9 =0x0000002bfcffec58 is pointing into the stack for thread: 0x000001ab7658b1c0
R10=0x000001ab7658b1c0 is a thread
R11=0x0000002bfcffeb58 is pointing into the stack for thread: 0x000001ab7658b1c0
R12=0x0 is NULL
R13={method} {0x000001ab72b17f58} 'swap' '(JZ)V' in 'org/jetbrains/skiko/redrawer/Direct3DRedrawer'
R14=0x0000002bfcffee50 is pointing into the stack for thread: 0x000001ab7658b1c0
R15=0x000001ab7658b1c0 is a thread


Top of Stack: (sp=0x0000002bfcffeb60)
0x0000002bfcffeb60:   000001ab7658b1c0 0000000000000000
0x0000002bfcffeb70:   000001ab7658b1c0 000000000000007b
0x0000002bfcffeb80:   000001ab72b17f50 0000000000000000
0x0000002bfcffeb90:   0000002bfcffec70 00007fffc5c8e82e
0x0000002bfcffeba0:   0000002bfcffec70 000001ab7658b1c0
0x0000002bfcffebb0:   000001ab7658b1c0 000001ab76139378
0x0000002bfcffebc0:   000001ab00000458 00007fffc61efd30
0x0000002bfcffebd0:   0000000000000000 0000002bfcffec70
0x0000002bfcffebe0:   0000000000000000 00007fffc5c6af77
0x0000002bfcffebf0:   0000002bfcffee50 000001ab7658b1c0
0x0000002bfcffec00:   0000002bfcffee50 00007fffc0da98fc
0x0000002bfcffec10:   000001ab7658b478 0000002bfcffee18
0x0000002bfcffec20:   0000000000000110 000001ab76171224
0x0000002bfcffec30:   000001ab76171224 00007fffc0da9dbc
0x0000002bfcffec40:   000001ab7658b478 0000000000000110
0x0000002bfcffec50:   0000000000000000 000001ab7624dd98
0x0000002bfcffec60:   00007fffc1a4dea0 0000000000000000
0x0000002bfcffec70:   652065766974614e 6e6f697470656378
0x0000002bfcffec80:   76614a5b206e6920 656a5f67726f5f61
0x0000002bfcffec90:   5f736e6961726274 65725f6f6b696b73
0x0000002bfcffeca0:   445f726577617264 5244337463657269
0x0000002bfcffecb0:   5f72657761726465 530a3a5d70617773
0x0000002bfcffecc0:   7263736564204845 203a6e6f69747069
0x0000002bfcffecd0:   4f49545045435845 5353454343415f4e
0x0000002bfcffece0:   4954414c4f49565f 0000002b000a4e4f
0x0000002bfcffecf0:   0000000000000000 000001ab79447fa0
0x0000002bfcffed00:   000001ab72b20f00 0000000000000001
0x0000002bfcffed10:   0000000000000001 00000000fcffed00
0x0000002bfcffed20:   0000000000000000 0000000000000000
0x0000002bfcffed30:   00005ebc9ec5db33 0000000000000000
0x0000002bfcffed40:   0000018d9dbc2af9 0000000000000110
0x0000002bfcffed50:   000001ab783ee4e0 00007fffc0da71b3 

Instructions: (pc=0x00007fffc5c66e32)
0x00007fffc5c66d32:   4b 10 48 8b 43 08 48 89 48 10 48 8b 4b 08 48 8b
0x00007fffc5c66d42:   43 18 48 89 41 18 48 8b 4b 08 48 8b 43 20 48 89
0x00007fffc5c66d52:   41 20 48 8d 8f 98 02 00 00 e8 c0 66 ee ff 90 c7
0x00007fffc5c66d62:   87 48 03 00 00 04 00 00 00 48 81 c4 b0 00 00 00
0x00007fffc5c66d72:   41 5e 5f 5e 5d 5b c3 cc cc cc cc cc cc cc 48 89
0x00007fffc5c66d82:   5c 24 08 48 89 6c 24 10 48 89 74 24 18 48 89 7c
0x00007fffc5c66d92:   24 20 41 56 48 81 ec a0 00 00 00 8b 81 b8 00 00
0x00007fffc5c66da2:   00 48 8d 99 48 fd ff ff 05 55 21 ff ff 49 8b e9
0x00007fffc5c66db2:   49 8b f0 48 8b f9 83 f8 01 76 0a 48 8b cb e8 8b
0x00007fffc5c66dc2:   0c 40 00 33 db c7 83 48 03 00 00 05 00 00 00 e8
0x00007fffc5c66dd2:   da b0 28 00 90 48 8b 83 50 03 00 00 a8 01 74 0a
0x00007fffc5c66de2:   b2 01 48 8b cb e8 a4 a8 2f 00 83 bb 3c 03 00 00
0x00007fffc5c66df2:   00 75 0a 8b 83 38 03 00 00 a8 0c 74 0a 33 d2 48
0x00007fffc5c66e02:   8b cb e8 17 35 40 00 c7 83 48 03 00 00 06 00 00
0x00007fffc5c66e12:   00 48 83 7b 08 00 48 89 5c 24 50 48 c7 44 24 58
0x00007fffc5c66e22:   00 00 00 00 74 0a 48 8d 4c 24 50 e8 be 4d 2c 00
0x00007fffc5c66e32:   48 8b 16 48 8d 4c 24 70 c7 44 24 40 0e 00 00 00
0x00007fffc5c66e42:   e8 b9 a0 00 00 48 8d 44 24 70 48 89 5c 24 30 48
0x00007fffc5c66e52:   89 44 24 28 4c 8d 35 5b 8f 58 00 45 33 c9 48 89
0x00007fffc5c66e62:   74 24 20 45 33 c0 4c 89 74 24 70 48 8d 54 24 40
0x00007fffc5c66e72:   48 89 ac 24 98 00 00 00 48 8b cf e8 4e b5 00 00
0x00007fffc5c66e82:   48 83 7c 24 58 00 4c 89 74 24 70 48 c7 84 24 98
0x00007fffc5c66e92:   00 00 00 00 00 00 00 74 0a 48 8d 4c 24 50 e8 eb
0x00007fffc5c66ea2:   4d 2c 00 48 8b bb e8 00 00 00 48 8b 4f 10 48 83
0x00007fffc5c66eb2:   39 00 74 0c 48 8b cf e8 12 80 f6 ff 48 8b 4f 10
0x00007fffc5c66ec2:   48 8b 47 08 48 89 48 10 48 8b 4f 08 48 8b 47 18
0x00007fffc5c66ed2:   48 89 41 18 48 8b 4f 08 48 8b 47 20 48 89 41 20
0x00007fffc5c66ee2:   48 8d 8b 98 02 00 00 e8 32 65 ee ff 4c 8d 9c 24
0x00007fffc5c66ef2:   a0 00 00 00 90 49 8b 6b 18 49 8b 73 20 49 8b 7b
0x00007fffc5c66f02:   28 c7 83 48 03 00 00 04 00 00 00 49 8b 5b 10 49
0x00007fffc5c66f12:   8b e3 41 5e c3 cc cc cc cc cc cc cc cc cc 48 89
0x00007fffc5c66f22:   5c 24 08 48 89 6c 24 10 48 89 74 24 18 57 48 81 


Stack slot to memory mapping:
stack at sp + 0 slots: 0x000001ab7658b1c0 is a thread
stack at sp + 1 slots: 0x0 is NULL
stack at sp + 2 slots: 0x000001ab7658b1c0 is a thread
stack at sp + 3 slots: 0x000000000000007b is an unknown value
stack at sp + 4 slots: {method} {0x000001ab72b17f58} 'swap' '(JZ)V' in 'org/jetbrains/skiko/redrawer/Direct3DRedrawer'
stack at sp + 5 slots: 0x0 is NULL
stack at sp + 6 slots: 0x0000002bfcffec70 is pointing into the stack for thread: 0x000001ab7658b1c0
stack at sp + 7 slots: 0x00007fffc5c8e82e jvm.dll


---------------  P R O C E S S  ---------------

Threads class SMR info:
_java_thread_list=0x000001ab79967770, length=21, elements={
0x000001ab0c59b080, 0x000001ab2fa79a20, 0x000001ab2fa7b5f0, 0x000001ab2fa908d0,
0x000001ab2fa91490, 0x000001ab2fa94e70, 0x000001ab2fa96b20, 0x000001ab2fa99bb0,
0x000001ab2faad2c0, 0x000001ab2fab1bd0, 0x000001ab305fd290, 0x000001ab305fefe0,
0x000001ab7622a040, 0x000001ab76235000, 0x000001ab76237fa0, 0x000001ab7658b1c0,
0x000001ab762ce3d0, 0x000001ab76402850, 0x000001ab763a3f80, 0x000001ab763a11f0,
0x000001ab7979c020
}

Java Threads: ( => current thread )
  0x000001ab0c59b080 JavaThread "main" [_thread_blocked, id=15140, stack(0x0000002bfb800000,0x0000002bfb900000)]
  0x000001ab2fa79a20 JavaThread "Reference Handler" daemon [_thread_blocked, id=3996, stack(0x0000002bfbf00000,0x0000002bfc000000)]
  0x000001ab2fa7b5f0 JavaThread "Finalizer" daemon [_thread_blocked, id=7608, stack(0x0000002bfc000000,0x0000002bfc100000)]
  0x000001ab2fa908d0 JavaThread "Signal Dispatcher" daemon [_thread_blocked, id=8624, stack(0x0000002bfc100000,0x0000002bfc200000)]
  0x000001ab2fa91490 JavaThread "Attach Listener" daemon [_thread_blocked, id=4720, stack(0x0000002bfc200000,0x0000002bfc300000)]
  0x000001ab2fa94e70 JavaThread "Service Thread" daemon [_thread_blocked, id=7964, stack(0x0000002bfc300000,0x0000002bfc400000)]
  0x000001ab2fa96b20 JavaThread "Monitor Deflation Thread" daemon [_thread_blocked, id=10392, stack(0x0000002bfc400000,0x0000002bfc500000)]
  0x000001ab2fa99bb0 JavaThread "C2 CompilerThread0" daemon [_thread_blocked, id=2164, stack(0x0000002bfc500000,0x0000002bfc600000)]
  0x000001ab2faad2c0 JavaThread "C1 CompilerThread0" daemon [_thread_blocked, id=4116, stack(0x0000002bfc600000,0x0000002bfc700000)]
  0x000001ab2fab1bd0 JavaThread "Sweeper thread" daemon [_thread_blocked, id=16084, stack(0x0000002bfc700000,0x0000002bfc800000)]
  0x000001ab305fd290 JavaThread "Notification Thread" daemon [_thread_blocked, id=16284, stack(0x0000002bfc800000,0x0000002bfc900000)]
  0x000001ab305fefe0 JavaThread "Common-Cleaner" daemon [_thread_blocked, id=3060, stack(0x0000002bfca00000,0x0000002bfcb00000)]
  0x000001ab7622a040 JavaThread "Java2D Disposer" daemon [_thread_blocked, id=3080, stack(0x0000002bfcc00000,0x0000002bfcd00000)]
  0x000001ab76235000 JavaThread "AWT-Shutdown" [_thread_blocked, id=3872, stack(0x0000002bfcd00000,0x0000002bfce00000)]
  0x000001ab76237fa0 JavaThread "AWT-Windows" daemon [_thread_in_native, id=15608, stack(0x0000002bfce00000,0x0000002bfcf00000)]
=>0x000001ab7658b1c0 JavaThread "DefaultDispatcher-worker-1" daemon [_thread_in_vm, id=15908, stack(0x0000002bfcf00000,0x0000002bfd000000)]
  0x000001ab762ce3d0 JavaThread "DefaultDispatcher-worker-2" daemon [_thread_blocked, id=8712, stack(0x0000002bfd000000,0x0000002bfd100000)]
  0x000001ab76402850 JavaThread "Reference Cleaner" daemon [_thread_blocked, id=15520, stack(0x0000002bfd100000,0x0000002bfd200000)]
  0x000001ab763a3f80 JavaThread "kotlinx.coroutines.DefaultExecutor" daemon [_thread_blocked, id=16152, stack(0x0000002bfd200000,0x0000002bfd300000)]
  0x000001ab763a11f0 JavaThread "AWT-EventQueue-0" [_thread_blocked, id=4672, stack(0x0000002bfd300000,0x0000002bfd400000)]
  0x000001ab7979c020 JavaThread "TimerQueue" daemon [_thread_blocked, id=3568, stack(0x0000002bfe800000,0x0000002bfe900000)]

Other Threads:
  0x000001ab2fa75110 VMThread "VM Thread" [stack: 0x0000002bfbe00000,0x0000002bfbf00000] [id=1220]
  0x000001ab305fd770 WatcherThread [stack: 0x0000002bfc900000,0x0000002bfca00000] [id=2808]
  0x000001ab0c6071a0 GCTaskThread "GC Thread#0" [stack: 0x0000002bfb900000,0x0000002bfba00000] [id=9196]
  0x000001ab766b4050 GCTaskThread "GC Thread#1" [stack: 0x0000002bfd400000,0x0000002bfd500000] [id=12920]
  0x000001ab766b4310 GCTaskThread "GC Thread#2" [stack: 0x0000002bfd500000,0x0000002bfd600000] [id=15788]
  0x000001ab766b45d0 GCTaskThread "GC Thread#3" [stack: 0x0000002bfd600000,0x0000002bfd700000] [id=15640]
  0x000001ab766b4890 GCTaskThread "GC Thread#4" [stack: 0x0000002bfd700000,0x0000002bfd800000] [id=648]
  0x000001ab766b4b50 GCTaskThread "GC Thread#5" [stack: 0x0000002bfd800000,0x0000002bfd900000] [id=3960]
  0x000001ab766fd8f0 GCTaskThread "GC Thread#6" [stack: 0x0000002bfd900000,0x0000002bfda00000] [id=11520]
  0x000001ab78e97cc0 GCTaskThread "GC Thread#7" [stack: 0x0000002bfe200000,0x0000002bfe300000] [id=1504]
  0x000001ab78e59900 GCTaskThread "GC Thread#8" [stack: 0x0000002bfe300000,0x0000002bfe400000] [id=8736]
  0x000001ab78ed7cc0 GCTaskThread "GC Thread#9" [stack: 0x0000002bfe400000,0x0000002bfe500000] [id=15728]
  0x000001ab0c617c20 ConcurrentGCThread "G1 Main Marker" [stack: 0x0000002bfba00000,0x0000002bfbb00000] [id=13164]
  0x000001ab0c6184e0 ConcurrentGCThread "G1 Conc#0" [stack: 0x0000002bfbb00000,0x0000002bfbc00000] [id=6736]
  0x000001ab2f9ae340 ConcurrentGCThread "G1 Refine#0" [stack: 0x0000002bfbc00000,0x0000002bfbd00000] [id=14052]
  0x000001ab2f9aec10 ConcurrentGCThread "G1 Service" [stack: 0x0000002bfbd00000,0x0000002bfbe00000] [id=13656]

Threads with active compile tasks:

VM state: not at safepoint (normal execution)

VM Mutex/Monitor currently owned by a thread: None

Heap address: 0x0000000703600000, size: 4042 MB, Compressed Oops mode: Zero based, Oop shift amount: 3

CDS archive(s) mapped at: [0x000001ab31000000-0x000001ab31bb0000-0x000001ab31bb0000), size 12255232, SharedBaseAddress: 0x000001ab31000000, ArchiveRelocationMode: 1.
Compressed class space mapped at: 0x000001ab32000000-0x000001ab72000000, reserved size: 1073741824
Narrow klass base: 0x000001ab31000000, Narrow klass shift: 0, Narrow klass range: 0x100000000

GC Precious Log:
 CPUs: 12 total, 12 available
 Memory: 16163M
 Large Page Support: Disabled
 NUMA Support: Disabled
 Compressed Oops: Enabled (Zero based)
 Heap Region Size: 2M
 Heap Min Capacity: 8M
 Heap Initial Capacity: 254M
 Heap Max Capacity: 4042M
 Pre-touch: Disabled
 Parallel Workers: 10
 Concurrent Workers: 3
 Concurrent Refinement Workers: 10
 Periodic GC: Disabled

Heap:
 garbage-first heap   total 260096K, used 35154K [0x0000000703600000, 0x0000000800000000)
  region size 2048K, 15 young (30720K), 2 survivors (4096K)
 Metaspace       used 20791K, committed 20992K, reserved 1114112K
  class space    used 2208K, committed 2304K, reserved 1048576K

Heap Regions: E=young(eden), S=young(survivor), O=old, HS=humongous(starts), HC=humongous(continues), CS=collection set, F=free, OA=open archive, CA=closed archive, TAMS=top-at-mark-start (previous, next)
|   0|0x0000000703600000, 0x0000000703800000, 0x0000000703800000|100%| O|  |TAMS 0x0000000703600000, 0x0000000703600000| Untracked 
|   1|0x0000000703800000, 0x0000000703a00000, 0x0000000703a00000|100%| O|  |TAMS 0x0000000703800000, 0x0000000703800000| Untracked 
|   2|0x0000000703a00000, 0x0000000703a0a800, 0x0000000703c00000|  2%| O|  |TAMS 0x0000000703a00000, 0x0000000703a00000| Untracked 
|   3|0x0000000703c00000, 0x0000000703e00000, 0x0000000703e00000|100%|HS|  |TAMS 0x0000000703c00000, 0x0000000703c00000| Complete 
|   4|0x0000000703e00000, 0x0000000704000000, 0x0000000704000000|100%|HC|  |TAMS 0x0000000703e00000, 0x0000000703e00000| Complete 
|   5|0x0000000704000000, 0x0000000704000000, 0x0000000704200000|  0%| F|  |TAMS 0x0000000704000000, 0x0000000704000000| Untracked 
|   6|0x0000000704200000, 0x0000000704200000, 0x0000000704400000|  0%| F|  |TAMS 0x0000000704200000, 0x0000000704200000| Untracked 
|   7|0x0000000704400000, 0x0000000704400000, 0x0000000704600000|  0%| F|  |TAMS 0x0000000704400000, 0x0000000704400000| Untracked 
|   8|0x0000000704600000, 0x0000000704600000, 0x0000000704800000|  0%| F|  |TAMS 0x0000000704600000, 0x0000000704600000| Untracked 
|   9|0x0000000704800000, 0x0000000704800000, 0x0000000704a00000|  0%| F|  |TAMS 0x0000000704800000, 0x0000000704800000| Untracked 
|  10|0x0000000704a00000, 0x0000000704a00000, 0x0000000704c00000|  0%| F|  |TAMS 0x0000000704a00000, 0x0000000704a00000| Untracked 
|  11|0x0000000704c00000, 0x0000000704c00000, 0x0000000704e00000|  0%| F|  |TAMS 0x0000000704c00000, 0x0000000704c00000| Untracked 
|  12|0x0000000704e00000, 0x0000000704e00000, 0x0000000705000000|  0%| F|  |TAMS 0x0000000704e00000, 0x0000000704e00000| Untracked 
|  13|0x0000000705000000, 0x0000000705000000, 0x0000000705200000|  0%| F|  |TAMS 0x0000000705000000, 0x0000000705000000| Untracked 
|  14|0x0000000705200000, 0x0000000705200000, 0x0000000705400000|  0%| F|  |TAMS 0x0000000705200000, 0x0000000705200000| Untracked 
|  15|0x0000000705400000, 0x0000000705400000, 0x0000000705600000|  0%| F|  |TAMS 0x0000000705400000, 0x0000000705400000| Untracked 
|  16|0x0000000705600000, 0x0000000705600000, 0x0000000705800000|  0%| F|  |TAMS 0x0000000705600000, 0x0000000705600000| Untracked 
|  17|0x0000000705800000, 0x0000000705800000, 0x0000000705a00000|  0%| F|  |TAMS 0x0000000705800000, 0x0000000705800000| Untracked 
|  18|0x0000000705a00000, 0x0000000705a00000, 0x0000000705c00000|  0%| F|  |TAMS 0x0000000705a00000, 0x0000000705a00000| Untracked 
|  19|0x0000000705c00000, 0x0000000705c00000, 0x0000000705e00000|  0%| F|  |TAMS 0x0000000705c00000, 0x0000000705c00000| Untracked 
|  20|0x0000000705e00000, 0x0000000705e00000, 0x0000000706000000|  0%| F|  |TAMS 0x0000000705e00000, 0x0000000705e00000| Untracked 
|  21|0x0000000706000000, 0x0000000706000000, 0x0000000706200000|  0%| F|  |TAMS 0x0000000706000000, 0x0000000706000000| Untracked 
|  22|0x0000000706200000, 0x0000000706200000, 0x0000000706400000|  0%| F|  |TAMS 0x0000000706200000, 0x0000000706200000| Untracked 
|  23|0x0000000706400000, 0x0000000706400000, 0x0000000706600000|  0%| F|  |TAMS 0x0000000706400000, 0x0000000706400000| Untracked 
|  24|0x0000000706600000, 0x0000000706600000, 0x0000000706800000|  0%| F|  |TAMS 0x0000000706600000, 0x0000000706600000| Untracked 
|  25|0x0000000706800000, 0x0000000706800000, 0x0000000706a00000|  0%| F|  |TAMS 0x0000000706800000, 0x0000000706800000| Untracked 
|  26|0x0000000706a00000, 0x0000000706a00000, 0x0000000706c00000|  0%| F|  |TAMS 0x0000000706a00000, 0x0000000706a00000| Untracked 
|  27|0x0000000706c00000, 0x0000000706c00000, 0x0000000706e00000|  0%| F|  |TAMS 0x0000000706c00000, 0x0000000706c00000| Untracked 
|  28|0x0000000706e00000, 0x0000000706e00000, 0x0000000707000000|  0%| F|  |TAMS 0x0000000706e00000, 0x0000000706e00000| Untracked 
|  29|0x0000000707000000, 0x0000000707000000, 0x0000000707200000|  0%| F|  |TAMS 0x0000000707000000, 0x0000000707000000| Untracked 
|  30|0x0000000707200000, 0x0000000707200000, 0x0000000707400000|  0%| F|  |TAMS 0x0000000707200000, 0x0000000707200000| Untracked 
|  31|0x0000000707400000, 0x0000000707400000, 0x0000000707600000|  0%| F|  |TAMS 0x0000000707400000, 0x0000000707400000| Untracked 
|  32|0x0000000707600000, 0x0000000707600000, 0x0000000707800000|  0%| F|  |TAMS 0x0000000707600000, 0x0000000707600000| Untracked 
|  33|0x0000000707800000, 0x0000000707800000, 0x0000000707a00000|  0%| F|  |TAMS 0x0000000707800000, 0x0000000707800000| Untracked 
|  34|0x0000000707a00000, 0x0000000707a00000, 0x0000000707c00000|  0%| F|  |TAMS 0x0000000707a00000, 0x0000000707a00000| Untracked 
|  35|0x0000000707c00000, 0x0000000707c00000, 0x0000000707e00000|  0%| F|  |TAMS 0x0000000707c00000, 0x0000000707c00000| Untracked 
|  36|0x0000000707e00000, 0x0000000707e00000, 0x0000000708000000|  0%| F|  |TAMS 0x0000000707e00000, 0x0000000707e00000| Untracked 
|  37|0x0000000708000000, 0x0000000708000000, 0x0000000708200000|  0%| F|  |TAMS 0x0000000708000000, 0x0000000708000000| Untracked 
|  38|0x0000000708200000, 0x0000000708200000, 0x0000000708400000|  0%| F|  |TAMS 0x0000000708200000, 0x0000000708200000| Untracked 
|  39|0x0000000708400000, 0x0000000708400000, 0x0000000708600000|  0%| F|  |TAMS 0x0000000708400000, 0x0000000708400000| Untracked 
|  40|0x0000000708600000, 0x0000000708600000, 0x0000000708800000|  0%| F|  |TAMS 0x0000000708600000, 0x0000000708600000| Untracked 
|  41|0x0000000708800000, 0x0000000708800000, 0x0000000708a00000|  0%| F|  |TAMS 0x0000000708800000, 0x0000000708800000| Untracked 
|  42|0x0000000708a00000, 0x0000000708a00000, 0x0000000708c00000|  0%| F|  |TAMS 0x0000000708a00000, 0x0000000708a00000| Untracked 
|  43|0x0000000708c00000, 0x0000000708c00000, 0x0000000708e00000|  0%| F|  |TAMS 0x0000000708c00000, 0x0000000708c00000| Untracked 
|  44|0x0000000708e00000, 0x0000000708e00000, 0x0000000709000000|  0%| F|  |TAMS 0x0000000708e00000, 0x0000000708e00000| Untracked 
|  45|0x0000000709000000, 0x0000000709000000, 0x0000000709200000|  0%| F|  |TAMS 0x0000000709000000, 0x0000000709000000| Untracked 
|  46|0x0000000709200000, 0x0000000709200000, 0x0000000709400000|  0%| F|  |TAMS 0x0000000709200000, 0x0000000709200000| Untracked 
|  47|0x0000000709400000, 0x0000000709400000, 0x0000000709600000|  0%| F|  |TAMS 0x0000000709400000, 0x0000000709400000| Untracked 
|  48|0x0000000709600000, 0x0000000709600000, 0x0000000709800000|  0%| F|  |TAMS 0x0000000709600000, 0x0000000709600000| Untracked 
|  49|0x0000000709800000, 0x0000000709800000, 0x0000000709a00000|  0%| F|  |TAMS 0x0000000709800000, 0x0000000709800000| Untracked 
|  50|0x0000000709a00000, 0x0000000709a00000, 0x0000000709c00000|  0%| F|  |TAMS 0x0000000709a00000, 0x0000000709a00000| Untracked 
|  51|0x0000000709c00000, 0x0000000709c00000, 0x0000000709e00000|  0%| F|  |TAMS 0x0000000709c00000, 0x0000000709c00000| Untracked 
|  52|0x0000000709e00000, 0x0000000709e00000, 0x000000070a000000|  0%| F|  |TAMS 0x0000000709e00000, 0x0000000709e00000| Untracked 
|  53|0x000000070a000000, 0x000000070a000000, 0x000000070a200000|  0%| F|  |TAMS 0x000000070a000000, 0x000000070a000000| Untracked 
|  54|0x000000070a200000, 0x000000070a200000, 0x000000070a400000|  0%| F|  |TAMS 0x000000070a200000, 0x000000070a200000| Untracked 
|  55|0x000000070a400000, 0x000000070a400000, 0x000000070a600000|  0%| F|  |TAMS 0x000000070a400000, 0x000000070a400000| Untracked 
|  56|0x000000070a600000, 0x000000070a600000, 0x000000070a800000|  0%| F|  |TAMS 0x000000070a600000, 0x000000070a600000| Untracked 
|  57|0x000000070a800000, 0x000000070a800000, 0x000000070aa00000|  0%| F|  |TAMS 0x000000070a800000, 0x000000070a800000| Untracked 
|  58|0x000000070aa00000, 0x000000070aa00000, 0x000000070ac00000|  0%| F|  |TAMS 0x000000070aa00000, 0x000000070aa00000| Untracked 
|  59|0x000000070ac00000, 0x000000070ac00000, 0x000000070ae00000|  0%| F|  |TAMS 0x000000070ac00000, 0x000000070ac00000| Untracked 
|  60|0x000000070ae00000, 0x000000070ae00000, 0x000000070b000000|  0%| F|  |TAMS 0x000000070ae00000, 0x000000070ae00000| Untracked 
|  61|0x000000070b000000, 0x000000070b000000, 0x000000070b200000|  0%| F|  |TAMS 0x000000070b000000, 0x000000070b000000| Untracked 
|  62|0x000000070b200000, 0x000000070b200000, 0x000000070b400000|  0%| F|  |TAMS 0x000000070b200000, 0x000000070b200000| Untracked 
|  63|0x000000070b400000, 0x000000070b400000, 0x000000070b600000|  0%| F|  |TAMS 0x000000070b400000, 0x000000070b400000| Untracked 
|  64|0x000000070b600000, 0x000000070b600000, 0x000000070b800000|  0%| F|  |TAMS 0x000000070b600000, 0x000000070b600000| Untracked 
|  65|0x000000070b800000, 0x000000070b800000, 0x000000070ba00000|  0%| F|  |TAMS 0x000000070b800000, 0x000000070b800000| Untracked 
|  66|0x000000070ba00000, 0x000000070ba00000, 0x000000070bc00000|  0%| F|  |TAMS 0x000000070ba00000, 0x000000070ba00000| Untracked 
|  67|0x000000070bc00000, 0x000000070bc00000, 0x000000070be00000|  0%| F|  |TAMS 0x000000070bc00000, 0x000000070bc00000| Untracked 
|  68|0x000000070be00000, 0x000000070be00000, 0x000000070c000000|  0%| F|  |TAMS 0x000000070be00000, 0x000000070be00000| Untracked 
|  69|0x000000070c000000, 0x000000070c000000, 0x000000070c200000|  0%| F|  |TAMS 0x000000070c000000, 0x000000070c000000| Untracked 
|  70|0x000000070c200000, 0x000000070c200000, 0x000000070c400000|  0%| F|  |TAMS 0x000000070c200000, 0x000000070c200000| Untracked 
|  71|0x000000070c400000, 0x000000070c400000, 0x000000070c600000|  0%| F|  |TAMS 0x000000070c400000, 0x000000070c400000| Untracked 
|  72|0x000000070c600000, 0x000000070c600000, 0x000000070c800000|  0%| F|  |TAMS 0x000000070c600000, 0x000000070c600000| Untracked 
|  73|0x000000070c800000, 0x000000070c800000, 0x000000070ca00000|  0%| F|  |TAMS 0x000000070c800000, 0x000000070c800000| Untracked 
|  74|0x000000070ca00000, 0x000000070ca00000, 0x000000070cc00000|  0%| F|  |TAMS 0x000000070ca00000, 0x000000070ca00000| Untracked 
|  75|0x000000070cc00000, 0x000000070cc00000, 0x000000070ce00000|  0%| F|  |TAMS 0x000000070cc00000, 0x000000070cc00000| Untracked 
|  76|0x000000070ce00000, 0x000000070ce00000, 0x000000070d000000|  0%| F|  |TAMS 0x000000070ce00000, 0x000000070ce00000| Untracked 
|  77|0x000000070d000000, 0x000000070d000000, 0x000000070d200000|  0%| F|  |TAMS 0x000000070d000000, 0x000000070d000000| Untracked 
|  78|0x000000070d200000, 0x000000070d200000, 0x000000070d400000|  0%| F|  |TAMS 0x000000070d200000, 0x000000070d200000| Untracked 
|  79|0x000000070d400000, 0x000000070d400000, 0x000000070d600000|  0%| F|  |TAMS 0x000000070d400000, 0x000000070d400000| Untracked 
|  80|0x000000070d600000, 0x000000070d600000, 0x000000070d800000|  0%| F|  |TAMS 0x000000070d600000, 0x000000070d600000| Untracked 
|  81|0x000000070d800000, 0x000000070d800000, 0x000000070da00000|  0%| F|  |TAMS 0x000000070d800000, 0x000000070d800000| Untracked 
|  82|0x000000070da00000, 0x000000070da00000, 0x000000070dc00000|  0%| F|  |TAMS 0x000000070da00000, 0x000000070da00000| Untracked 
|  83|0x000000070dc00000, 0x000000070dc00000, 0x000000070de00000|  0%| F|  |TAMS 0x000000070dc00000, 0x000000070dc00000| Untracked 
|  84|0x000000070de00000, 0x000000070de00000, 0x000000070e000000|  0%| F|  |TAMS 0x000000070de00000, 0x000000070de00000| Untracked 
|  85|0x000000070e000000, 0x000000070e000000, 0x000000070e200000|  0%| F|  |TAMS 0x000000070e000000, 0x000000070e000000| Untracked 
|  86|0x000000070e200000, 0x000000070e200000, 0x000000070e400000|  0%| F|  |TAMS 0x000000070e200000, 0x000000070e200000| Untracked 
|  87|0x000000070e400000, 0x000000070e400000, 0x000000070e600000|  0%| F|  |TAMS 0x000000070e400000, 0x000000070e400000| Untracked 
|  88|0x000000070e600000, 0x000000070e600000, 0x000000070e800000|  0%| F|  |TAMS 0x000000070e600000, 0x000000070e600000| Untracked 
|  89|0x000000070e800000, 0x000000070e800000, 0x000000070ea00000|  0%| F|  |TAMS 0x000000070e800000, 0x000000070e800000| Untracked 
|  90|0x000000070ea00000, 0x000000070ea00000, 0x000000070ec00000|  0%| F|  |TAMS 0x000000070ea00000, 0x000000070ea00000| Untracked 
|  91|0x000000070ec00000, 0x000000070ec00000, 0x000000070ee00000|  0%| F|  |TAMS 0x000000070ec00000, 0x000000070ec00000| Untracked 
|  92|0x000000070ee00000, 0x000000070ee00000, 0x000000070f000000|  0%| F|  |TAMS 0x000000070ee00000, 0x000000070ee00000| Untracked 
|  93|0x000000070f000000, 0x000000070f000000, 0x000000070f200000|  0%| F|  |TAMS 0x000000070f000000, 0x000000070f000000| Untracked 
|  94|0x000000070f200000, 0x000000070f200000, 0x000000070f400000|  0%| F|  |TAMS 0x000000070f200000, 0x000000070f200000| Untracked 
|  95|0x000000070f400000, 0x000000070f400000, 0x000000070f600000|  0%| F|  |TAMS 0x000000070f400000, 0x000000070f400000| Untracked 
|  96|0x000000070f600000, 0x000000070f600000, 0x000000070f800000|  0%| F|  |TAMS 0x000000070f600000, 0x000000070f600000| Untracked 
|  97|0x000000070f800000, 0x000000070f800000, 0x000000070fa00000|  0%| F|  |TAMS 0x000000070f800000, 0x000000070f800000| Untracked 
|  98|0x000000070fa00000, 0x000000070fa00000, 0x000000070fc00000|  0%| F|  |TAMS 0x000000070fa00000, 0x000000070fa00000| Untracked 
|  99|0x000000070fc00000, 0x000000070fc00000, 0x000000070fe00000|  0%| F|  |TAMS 0x000000070fc00000, 0x000000070fc00000| Untracked 
| 100|0x000000070fe00000, 0x000000070fe00000, 0x0000000710000000|  0%| F|  |TAMS 0x000000070fe00000, 0x000000070fe00000| Untracked 
| 101|0x0000000710000000, 0x0000000710000000, 0x0000000710200000|  0%| F|  |TAMS 0x0000000710000000, 0x0000000710000000| Untracked 
| 102|0x0000000710200000, 0x0000000710200000, 0x0000000710400000|  0%| F|  |TAMS 0x0000000710200000, 0x0000000710200000| Untracked 
| 103|0x0000000710400000, 0x0000000710400000, 0x0000000710600000|  0%| F|  |TAMS 0x0000000710400000, 0x0000000710400000| Untracked 
| 104|0x0000000710600000, 0x0000000710600000, 0x0000000710800000|  0%| F|  |TAMS 0x0000000710600000, 0x0000000710600000| Untracked 
| 105|0x0000000710800000, 0x0000000710800000, 0x0000000710a00000|  0%| F|  |TAMS 0x0000000710800000, 0x0000000710800000| Untracked 
| 106|0x0000000710a00000, 0x0000000710a00000, 0x0000000710c00000|  0%| F|  |TAMS 0x0000000710a00000, 0x0000000710a00000| Untracked 
| 107|0x0000000710c00000, 0x0000000710c00000, 0x0000000710e00000|  0%| F|  |TAMS 0x0000000710c00000, 0x0000000710c00000| Untracked 
| 108|0x0000000710e00000, 0x0000000710e00000, 0x0000000711000000|  0%| F|  |TAMS 0x0000000710e00000, 0x0000000710e00000| Untracked 
| 109|0x0000000711000000, 0x000000071104a300, 0x0000000711200000| 14%| S|CS|TAMS 0x0000000711000000, 0x0000000711000000| Complete 
| 110|0x0000000711200000, 0x0000000711400000, 0x0000000711400000|100%| S|CS|TAMS 0x0000000711200000, 0x0000000711200000| Complete 
| 111|0x0000000711400000, 0x0000000711400000, 0x0000000711600000|  0%| F|  |TAMS 0x0000000711400000, 0x0000000711400000| Untracked 
| 112|0x0000000711600000, 0x0000000711600000, 0x0000000711800000|  0%| F|  |TAMS 0x0000000711600000, 0x0000000711600000| Untracked 
| 113|0x0000000711800000, 0x0000000711800000, 0x0000000711a00000|  0%| F|  |TAMS 0x0000000711800000, 0x0000000711800000| Untracked 
| 114|0x0000000711a00000, 0x0000000711bbd780, 0x0000000711c00000| 87%| E|  |TAMS 0x0000000711a00000, 0x0000000711a00000| Complete 
| 115|0x0000000711c00000, 0x0000000711e00000, 0x0000000711e00000|100%| E|CS|TAMS 0x0000000711c00000, 0x0000000711c00000| Complete 
| 116|0x0000000711e00000, 0x0000000712000000, 0x0000000712000000|100%| E|CS|TAMS 0x0000000711e00000, 0x0000000711e00000| Complete 
| 117|0x0000000712000000, 0x0000000712200000, 0x0000000712200000|100%| E|CS|TAMS 0x0000000712000000, 0x0000000712000000| Complete 
| 118|0x0000000712200000, 0x0000000712400000, 0x0000000712400000|100%| E|CS|TAMS 0x0000000712200000, 0x0000000712200000| Complete 
| 119|0x0000000712400000, 0x0000000712600000, 0x0000000712600000|100%| E|CS|TAMS 0x0000000712400000, 0x0000000712400000| Complete 
| 120|0x0000000712600000, 0x0000000712800000, 0x0000000712800000|100%| E|CS|TAMS 0x0000000712600000, 0x0000000712600000| Complete 
| 121|0x0000000712800000, 0x0000000712a00000, 0x0000000712a00000|100%| E|CS|TAMS 0x0000000712800000, 0x0000000712800000| Complete 
| 122|0x0000000712a00000, 0x0000000712c00000, 0x0000000712c00000|100%| E|CS|TAMS 0x0000000712a00000, 0x0000000712a00000| Complete 
| 123|0x0000000712c00000, 0x0000000712e00000, 0x0000000712e00000|100%| E|CS|TAMS 0x0000000712c00000, 0x0000000712c00000| Complete 
| 124|0x0000000712e00000, 0x0000000713000000, 0x0000000713000000|100%| E|CS|TAMS 0x0000000712e00000, 0x0000000712e00000| Complete 
| 125|0x0000000713000000, 0x0000000713200000, 0x0000000713200000|100%| E|CS|TAMS 0x0000000713000000, 0x0000000713000000| Complete 
| 126|0x0000000713200000, 0x0000000713400000, 0x0000000713400000|100%| E|CS|TAMS 0x0000000713200000, 0x0000000713200000| Complete 

Card table byte_map: [0x000001ab248f0000,0x000001ab250e0000] _byte_map_base: 0x000001ab210d5000

Marking Bits (Prev, Next): (CMBitMap*) 0x000001ab0c607660, (CMBitMap*) 0x000001ab0c6076a0
 Prev Bits: [0x000001ab258d0000, 0x000001ab297f8000)
 Next Bits: [0x000001ab29800000, 0x000001ab2d728000)

Polling page: 0x000001ab0acd0000

Metaspace:

Usage:
  Non-class:     18.15 MB used.
      Class:      2.16 MB used.
       Both:     20.30 MB used.

Virtual space:
  Non-class space:       64.00 MB reserved,      18.25 MB ( 29%) committed,  1 nodes.
      Class space:        1.00 GB reserved,       2.25 MB ( <1%) committed,  1 nodes.
             Both:        1.06 GB reserved,      20.50 MB (  2%) committed. 

Chunk freelists:
   Non-Class:  13.47 MB
       Class:  13.61 MB
        Both:  27.08 MB

MaxMetaspaceSize: unlimited
CompressedClassSpaceSize: 1.00 GB
Initial GC threshold: 21.00 MB
Current GC threshold: 21.00 MB
CDS: on
MetaspaceReclaimPolicy: balanced
 - commit_granule_bytes: 65536.
 - commit_granule_words: 8192.
 - virtual_space_node_default_size: 8388608.
 - enlarge_chunks_in_place: 1.
 - new_chunks_are_fully_committed: 0.
 - uncommit_free_chunks: 1.
 - use_allocation_guard: 0.
 - handle_deallocations: 1.


Internal statistics:

num_allocs_failed_limit: 0.
num_arena_births: 126.
num_arena_deaths: 0.
num_vsnodes_births: 2.
num_vsnodes_deaths: 0.
num_space_committed: 328.
num_space_uncommitted: 0.
num_chunks_returned_to_freelist: 0.
num_chunks_taken_from_freelist: 634.
num_chunk_merges: 0.
num_chunk_splits: 526.
num_chunks_enlarged: 463.
num_inconsistent_stats: 0.

CodeHeap 'non-profiled nmethods': size=120000Kb used=770Kb max_used=770Kb free=119229Kb
 bounds [0x000001ab1bf40000, 0x000001ab1c1b0000, 0x000001ab23470000]
CodeHeap 'profiled nmethods': size=120000Kb used=2925Kb max_used=2925Kb free=117074Kb
 bounds [0x000001ab14470000, 0x000001ab14750000, 0x000001ab1b9a0000]
CodeHeap 'non-nmethods': size=5760Kb used=1701Kb max_used=1715Kb free=4058Kb
 bounds [0x000001ab1b9a0000, 0x000001ab1bc10000, 0x000001ab1bf40000]
 total_blobs=2878 nmethods=1760 adapters=1031
 compilation: enabled
              stopped_count=0, restarted_count=0
 full_count=0

Compilation events (20 events):
Event: 3.110 Thread 0x000001ab2faad2c0 nmethod 1752 0x000001ab14746290 code [0x000001ab14746480, 0x000001ab147468f8]
Event: 3.110 Thread 0x000001ab2faad2c0 1754       3       androidx.compose.runtime.SlotReader::groupKey (9 bytes)
Event: 3.110 Thread 0x000001ab2fa99bb0 nmethod 1751 0x000001ab1c000310 code [0x000001ab1c0004a0, 0x000001ab1c000548]
Event: 3.110 Thread 0x000001ab2faad2c0 nmethod 1754 0x000001ab14746b10 code [0x000001ab14746cc0, 0x000001ab14746eb8]
Event: 3.110 Thread 0x000001ab2faad2c0 1753       3       androidx.compose.runtime.ComposerImpl::groupCompoundKeyPart (140 bytes)
Event: 3.110 Thread 0x000001ab2faad2c0 nmethod 1753 0x000001ab14747010 code [0x000001ab14747300, 0x000001ab14748628]
Event: 3.110 Thread 0x000001ab2faad2c0 1756       3       androidx.compose.runtime.SlotTableKt::access$groupSize (6 bytes)
Event: 3.110 Thread 0x000001ab2faad2c0 nmethod 1756 0x000001ab14748c90 code [0x000001ab14748e20, 0x000001ab14748f98]
Event: 3.110 Thread 0x000001ab2faad2c0 1757       3       androidx.compose.runtime.SlotTableKt::groupSize (8 bytes)
Event: 3.111 Thread 0x000001ab2faad2c0 nmethod 1757 0x000001ab14749090 code [0x000001ab14749220, 0x000001ab14749338]
Event: 3.111 Thread 0x000001ab2faad2c0 1755       1       kotlin.jvm.internal.Lambda::getArity (5 bytes)
Event: 3.111 Thread 0x000001ab2faad2c0 nmethod 1755 0x000001ab1c000610 code [0x000001ab1c0007a0, 0x000001ab1c000878]
Event: 3.111 Thread 0x000001ab2faad2c0 1758       3       androidx.compose.ui.unit.Constraints$Companion::bitsNeedForSize (80 bytes)
Event: 3.112 Thread 0x000001ab2faad2c0 nmethod 1758 0x000001ab14749410 code [0x000001ab14749640, 0x000001ab14749ad8]
Event: 3.112 Thread 0x000001ab2faad2c0 1759       3       androidx.compose.ui.node.NodeCoordinator::access$headNode (6 bytes)
Event: 3.112 Thread 0x000001ab2faad2c0 nmethod 1759 0x000001ab14749c90 code [0x000001ab14749e20, 0x000001ab14749f48]
Event: 3.112 Thread 0x000001ab2faad2c0 1760   !   3       androidx.compose.runtime.SnapshotThreadLocal::set (82 bytes)
Event: 3.113 Thread 0x000001ab2faad2c0 nmethod 1760 0x000001ab1474a010 code [0x000001ab1474a220, 0x000001ab1474aab8]
Event: 3.113 Thread 0x000001ab2faad2c0 1761       3       androidx.compose.runtime.internal.ThreadMap::trySet (24 bytes)
Event: 3.113 Thread 0x000001ab2faad2c0 nmethod 1761 0x000001ab1474af10 code [0x000001ab1474b0c0, 0x000001ab1474b448]

GC Heap History (4 events):
Event: 0.541 GC heap before
{Heap before GC invocations=0 (full 0):
 garbage-first heap   total 260096K, used 20480K [0x0000000703600000, 0x0000000800000000)
  region size 2048K, 11 young (22528K), 0 survivors (0K)
 Metaspace       used 7924K, committed 8128K, reserved 1114112K
  class space    used 720K, committed 832K, reserved 1048576K
}
Event: 0.544 GC heap after
{Heap after GC invocations=1 (full 0):
 garbage-first heap   total 260096K, used 4203K [0x0000000703600000, 0x0000000800000000)
  region size 2048K, 2 young (4096K), 2 survivors (4096K)
 Metaspace       used 7924K, committed 8128K, reserved 1114112K
  class space    used 720K, committed 832K, reserved 1048576K
}
Event: 2.514 GC heap before
{Heap before GC invocations=1 (full 0):
 garbage-first heap   total 260096K, used 32875K [0x0000000703600000, 0x0000000800000000)
  region size 2048K, 16 young (32768K), 2 survivors (4096K)
 Metaspace       used 14422K, committed 14528K, reserved 1114112K
  class space    used 1491K, committed 1536K, reserved 1048576K
}
Event: 2.517 GC heap after
{Heap after GC invocations=2 (full 0):
 garbage-first heap   total 260096K, used 6482K [0x0000000703600000, 0x0000000800000000)
  region size 2048K, 2 young (4096K), 2 survivors (4096K)
 Metaspace       used 14422K, committed 14528K, reserved 1114112K
  class space    used 1491K, committed 1536K, reserved 1048576K
}

Dll operation events (10 events):
Event: 0.014 Loaded shared library C:\Users\Jastin Pepeo\.jdks\corretto-17.0.13\bin\java.dll
Event: 0.032 Loaded shared library C:\Users\Jastin Pepeo\.jdks\corretto-17.0.13\bin\jsvml.dll
Event: 0.119 Loaded shared library C:\Users\Jastin Pepeo\.jdks\corretto-17.0.13\bin\net.dll
Event: 0.123 Loaded shared library C:\Users\Jastin Pepeo\.jdks\corretto-17.0.13\bin\nio.dll
Event: 0.127 Loaded shared library C:\Users\Jastin Pepeo\.jdks\corretto-17.0.13\bin\zip.dll
Event: 0.233 Loaded shared library C:\Users\Jastin Pepeo\.jdks\corretto-17.0.13\bin\jimage.dll
Event: 0.243 Loaded shared library C:\Users\Jastin Pepeo\.skiko\bc91181b3cc290773d13ba80fb4441c3ad657aef5ea86241561240da990944dc\skiko-windows-x64.dll
Event: 0.272 Loaded shared library C:\Users\Jastin Pepeo\.jdks\corretto-17.0.13\bin\awt.dll
Event: 0.603 Loaded shared library C:\Users\Jastin Pepeo\.jdks\corretto-17.0.13\bin\freetype.dll
Event: 0.604 Loaded shared library C:\Users\Jastin Pepeo\.jdks\corretto-17.0.13\bin\fontmanager.dll

Deoptimization events (20 events):
Event: 2.673 Thread 0x000001ab763a11f0 Uncommon trap: trap_request=0xffffffde fr.pc=0x000001ab1bfdc034 relative=0x0000000000000114
Event: 2.673 Thread 0x000001ab763a11f0 Uncommon trap: reason=class_check action=maybe_recompile pc=0x000001ab1bfdc034 method=jdk.internal.misc.Unsafe.allocateUninitializedArray(Ljava/lang/Class;I)Ljava/lang/Object; @ 51 c2
Event: 2.673 Thread 0x000001ab763a11f0 DEOPT PACKING pc=0x000001ab1bfdc034 sp=0x0000002bfd3f7f60
Event: 2.673 Thread 0x000001ab763a11f0 DEOPT UNPACKING pc=0x000001ab1b9fa1a3 sp=0x0000002bfd3f7ee8 mode 2
Event: 2.707 Thread 0x000001ab763a11f0 Uncommon trap: trap_request=0xffffff45 fr.pc=0x000001ab1bf46238 relative=0x0000000000000038
Event: 2.707 Thread 0x000001ab763a11f0 Uncommon trap: reason=unstable_if action=reinterpret pc=0x000001ab1bf46238 method=java.lang.StringLatin1.canEncode(I)Z @ 4 c2
Event: 2.707 Thread 0x000001ab763a11f0 DEOPT PACKING pc=0x000001ab1bf46238 sp=0x0000002bfd3fad30
Event: 2.707 Thread 0x000001ab763a11f0 DEOPT UNPACKING pc=0x000001ab1b9fa1a3 sp=0x0000002bfd3facc0 mode 2
Event: 2.766 Thread 0x000001ab763a11f0 Uncommon trap: trap_request=0xffffffde fr.pc=0x000001ab1bf8f604 relative=0x0000000000000984
Event: 2.766 Thread 0x000001ab763a11f0 Uncommon trap: reason=class_check action=maybe_recompile pc=0x000001ab1bf8f604 method=java.util.HashMap.putVal(ILjava/lang/Object;Ljava/lang/Object;ZZ)Ljava/lang/Object; @ 253 c2
Event: 2.766 Thread 0x000001ab763a11f0 DEOPT PACKING pc=0x000001ab1bf8f604 sp=0x0000002bfd3fc940
Event: 2.766 Thread 0x000001ab763a11f0 DEOPT UNPACKING pc=0x000001ab1b9fa1a3 sp=0x0000002bfd3fc8e0 mode 2
Event: 2.766 Thread 0x000001ab763a11f0 Uncommon trap: trap_request=0xffffffde fr.pc=0x000001ab1bf8f604 relative=0x0000000000000984
Event: 2.766 Thread 0x000001ab763a11f0 Uncommon trap: reason=class_check action=maybe_recompile pc=0x000001ab1bf8f604 method=java.util.HashMap.putVal(ILjava/lang/Object;Ljava/lang/Object;ZZ)Ljava/lang/Object; @ 253 c2
Event: 2.766 Thread 0x000001ab763a11f0 DEOPT PACKING pc=0x000001ab1bf8f604 sp=0x0000002bfd3fc940
Event: 2.766 Thread 0x000001ab763a11f0 DEOPT UNPACKING pc=0x000001ab1b9fa1a3 sp=0x0000002bfd3fc8e0 mode 2
Event: 2.766 Thread 0x000001ab763a11f0 Uncommon trap: trap_request=0xffffffde fr.pc=0x000001ab1bf8f604 relative=0x0000000000000984
Event: 2.766 Thread 0x000001ab763a11f0 Uncommon trap: reason=class_check action=maybe_recompile pc=0x000001ab1bf8f604 method=java.util.HashMap.putVal(ILjava/lang/Object;Ljava/lang/Object;ZZ)Ljava/lang/Object; @ 253 c2
Event: 2.766 Thread 0x000001ab763a11f0 DEOPT PACKING pc=0x000001ab1bf8f604 sp=0x0000002bfd3fc9a0
Event: 2.766 Thread 0x000001ab763a11f0 DEOPT UNPACKING pc=0x000001ab1b9fa1a3 sp=0x0000002bfd3fc940 mode 2

Classes loaded (20 events):
Event: 3.105 Loading class sun/awt/image/IntegerComponentRaster done
Event: 3.105 Loading class sun/awt/image/IntegerInterleavedRaster done
Event: 3.105 Loading class sun/awt/image/NativeLibLoader
Event: 3.105 Loading class sun/awt/image/NativeLibLoader done
Event: 3.105 Loading class sun/awt/image/NativeLibLoader$1
Event: 3.105 Loading class sun/awt/image/NativeLibLoader$1 done
Event: 3.106 Loading class java/awt/image/BufferedImage
Event: 3.106 Loading class java/awt/image/WritableRenderedImage
Event: 3.106 Loading class java/awt/image/RenderedImage
Event: 3.106 Loading class java/awt/image/RenderedImage done
Event: 3.106 Loading class java/awt/image/WritableRenderedImage done
Event: 3.106 Loading class java/awt/image/BufferedImage done
Event: 3.106 Loading class java/awt/image/BufferedImage$1
Event: 3.106 Loading class java/awt/image/BufferedImage$1 done
Event: 3.106 Loading class sun/awt/image/BufImgSurfaceData
Event: 3.107 Loading class sun/awt/image/BufImgSurfaceData done
Event: 3.107 Loading class sun/awt/image/BufImgSurfaceData$ICMColorData
Event: 3.107 Loading class sun/awt/image/BufImgSurfaceData$ICMColorData done
Event: 3.107 Loading class sun/awt/image/BufferedImageDevice
Event: 3.107 Loading class sun/awt/image/BufferedImageDevice done

Classes unloaded (0 events):
No events

Classes redefined (0 events):
No events

Internal exceptions (20 events):
Event: 0.678 Thread 0x000001ab763a11f0 Exception <a 'java/io/FileNotFoundException'{0x0000000712edbf78}> (0x0000000712edbf78) 
thrown [s\src\hotspot\share\prims\jni.cpp, line 516]
Event: 0.680 Thread 0x000001ab763a11f0 Exception <a 'java/io/FileNotFoundException'{0x0000000712eedd40}> (0x0000000712eedd40) 
thrown [s\src\hotspot\share\prims\jni.cpp, line 516]
Event: 0.682 Thread 0x000001ab763a11f0 Exception <a 'java/io/FileNotFoundException'{0x0000000712efa6c0}> (0x0000000712efa6c0) 
thrown [s\src\hotspot\share\prims\jni.cpp, line 516]
Event: 0.684 Thread 0x000001ab763a11f0 Exception <a 'java/io/FileNotFoundException'{0x0000000712f05920}> (0x0000000712f05920) 
thrown [s\src\hotspot\share\prims\jni.cpp, line 516]
Event: 0.687 Thread 0x000001ab763a11f0 Exception <a 'java/io/FileNotFoundException'{0x0000000712f16818}> (0x0000000712f16818) 
thrown [s\src\hotspot\share\prims\jni.cpp, line 516]
Event: 0.688 Thread 0x000001ab763a11f0 Exception <a 'java/io/FileNotFoundException'{0x0000000712f22d48}> (0x0000000712f22d48) 
thrown [s\src\hotspot\share\prims\jni.cpp, line 516]
Event: 0.692 Thread 0x000001ab763a11f0 Exception <a 'java/io/FileNotFoundException'{0x0000000712f50a30}> (0x0000000712f50a30) 
thrown [s\src\hotspot\share\prims\jni.cpp, line 516]
Event: 0.692 Thread 0x000001ab763a11f0 Exception <a 'java/io/FileNotFoundException'{0x0000000712f52940}> (0x0000000712f52940) 
thrown [s\src\hotspot\share\prims\jni.cpp, line 516]
Event: 0.899 Thread 0x000001ab763a11f0 Implicit null exception at 0x000001ab1bfa37ed to 0x000001ab1bfa750c
Event: 0.919 Thread 0x000001ab763a11f0 Implicit null exception at 0x000001ab1bfa07d8 to 0x000001ab1bfa086e
Event: 0.922 Thread 0x000001ab763a11f0 Implicit null exception at 0x000001ab1bf9f10d to 0x000001ab1bf9f4e4
Event: 0.922 Thread 0x000001ab763a11f0 Implicit null exception at 0x000001ab1bf8c68d to 0x000001ab1bf8c8d0
Event: 0.922 Thread 0x000001ab763a11f0 Implicit null exception at 0x000001ab1bf8d50f to 0x000001ab1bf8d589
Event: 0.944 Thread 0x000001ab763a11f0 Exception <a 'java/lang/NoSuchMethodError'{0x000000071227e440}: 'void java.lang.invoke.DirectMethodHandle$Holder.invokeStatic(java.lang.Object, java.lang.Object, java.lang.Object)'> (0x000000071227e440) 
thrown [s\src\hotspot\share\interpreter\linkResolver.cpp, line 759]
Event: 0.972 Thread 0x000001ab76237fa0 Exception <a 'java/lang/NoSuchMethodError'{0x00000007123839e0}: 'void java.lang.invoke.DirectMethodHandle$Holder.invokeVirtual(java.lang.Object, java.lang.Object)'> (0x00000007123839e0) 
thrown [s\src\hotspot\share\interpreter\linkResolver.cpp, line 759]
Event: 2.423 Thread 0x000001ab763a11f0 Exception <a 'java/lang/NoSuchMethodError'{0x0000000711ead190}: 'int java.lang.invoke.DirectMethodHandle$Holder.invokeStaticInit(java.lang.Object, java.lang.Object, java.lang.Object)'> (0x0000000711ead190) 
thrown [s\src\hotspot\share\interpreter\linkResolver.cpp, line 759]
Event: 2.438 Thread 0x000001ab763a11f0 Exception <a 'java/lang/NoSuchMethodError'{0x0000000711fbcfa8}: 'double java.lang.invoke.DirectMethodHandle$Holder.invokeStatic(java.lang.Object, double)'> (0x0000000711fbcfa8) 
thrown [s\src\hotspot\share\interpreter\linkResolver.cpp, line 759]
Event: 2.438 Thread 0x000001ab763a11f0 Exception <a 'java/lang/NoSuchMethodError'{0x0000000711fc0a08}: 'double java.lang.invoke.DirectMethodHandle$Holder.invokeStaticInit(java.lang.Object, double)'> (0x0000000711fc0a08) 
thrown [s\src\hotspot\share\interpreter\linkResolver.cpp, line 759]
Event: 2.445 Thread 0x000001ab763a11f0 Exception <a 'java/lang/NoSuchMethodError'{0x0000000711ff9940}: 'java.lang.Object java.lang.invoke.DirectMethodHandle$Holder.newInvokeSpecial(java.lang.Object, double)'> (0x0000000711ff9940) 
thrown [s\src\hotspot\share\interpreter\linkResolver.cpp, line 759]
Event: 3.129 Thread 0x000001ab7658b1c0 Exception <a 'java/lang/NoSuchMethodError'{0x0000000711a07598}: static Lorg/jetbrains/skiko/RenderExceptionsHandler;.throwException(Ljava/lang/String;)V> (0x0000000711a07598) 
thrown [s\src\hotspot\share\prims\jni.cpp, line 1112]

VM Operations (14 events):
Event: 0.154 Executing VM operation: HandshakeAllThreads
Event: 0.154 Executing VM operation: HandshakeAllThreads done
Event: 0.236 Executing VM operation: HandshakeAllThreads
Event: 0.236 Executing VM operation: HandshakeAllThreads done
Event: 0.541 Executing VM operation: G1CollectForAllocation
Event: 0.544 Executing VM operation: G1CollectForAllocation done
Event: 0.619 Executing VM operation: HandshakeAllThreads
Event: 0.619 Executing VM operation: HandshakeAllThreads done
Event: 0.941 Executing VM operation: HandshakeAllThreads
Event: 0.941 Executing VM operation: HandshakeAllThreads done
Event: 1.943 Executing VM operation: Cleanup
Event: 1.943 Executing VM operation: Cleanup done
Event: 2.514 Executing VM operation: G1CollectForAllocation
Event: 2.517 Executing VM operation: G1CollectForAllocation done

Memory protections (0 events):
No events

Nmethod flushes (0 events):
No events

Events (20 events):
Event: 0.049 Thread 0x000001ab0c59b080 Thread added: 0x000001ab2fa94e70
Event: 0.049 Thread 0x000001ab0c59b080 Thread added: 0x000001ab2fa96b20
Event: 0.049 Thread 0x000001ab0c59b080 Thread added: 0x000001ab2fa99bb0
Event: 0.050 Thread 0x000001ab0c59b080 Thread added: 0x000001ab2faad2c0
Event: 0.050 Thread 0x000001ab0c59b080 Thread added: 0x000001ab2fab1bd0
Event: 0.111 Thread 0x000001ab0c59b080 Thread added: 0x000001ab305fd290
Event: 0.113 Thread 0x000001ab0c59b080 Thread added: 0x000001ab305fefe0
Event: 0.201 Thread 0x000001ab2faad2c0 Thread added: 0x000001ab76131430
Event: 0.310 Thread 0x000001ab0c59b080 Thread added: 0x000001ab7622a040
Event: 0.311 Thread 0x000001ab0c59b080 Thread added: 0x000001ab76235000
Event: 0.311 Thread 0x000001ab0c59b080 Thread added: 0x000001ab76237fa0
Event: 0.417 Thread 0x000001ab0c59b080 Thread added: 0x000001ab7658b1c0
Event: 0.417 Thread 0x000001ab0c59b080 Thread added: 0x000001ab762ce3d0
Event: 0.424 Thread 0x000001ab0c59b080 Thread added: 0x000001ab76402850
Event: 0.430 Thread 0x000001ab7658b1c0 Thread added: 0x000001ab763a3f80
Event: 0.461 Thread 0x000001ab0c59b080 Thread added: 0x000001ab763a11f0
Event: 0.962 Thread 0x000001ab2faad2c0 Thread added: 0x000001ab77a1f160
Event: 1.684 Thread 0x000001ab77a1f160 Thread exited: 0x000001ab77a1f160
Event: 1.684 Thread 0x000001ab76131430 Thread exited: 0x000001ab76131430
Event: 3.098 Thread 0x000001ab763a11f0 Thread added: 0x000001ab7979c020


Dynamic libraries:
0x00007ff75e0c0000 - 0x00007ff75e0ce000 	C:\Users\Jastin Pepeo\.jdks\corretto-17.0.13\bin\java.exe
0x00007ff8119b0000 - 0x00007ff811bc7000 	C:\WINDOWS\SYSTEM32\ntdll.dll
0x00007ff810d80000 - 0x00007ff810e44000 	C:\WINDOWS\System32\KERNEL32.DLL
0x00007ff80edf0000 - 0x00007ff80f195000 	C:\WINDOWS\System32\KERNELBASE.dll
0x00007ff80f5e0000 - 0x00007ff80f6f1000 	C:\WINDOWS\System32\ucrtbase.dll
0x00007ffff05f0000 - 0x00007ffff0607000 	C:\Users\Jastin Pepeo\.jdks\corretto-17.0.13\bin\jli.dll
0x00007ffff0610000 - 0x00007ffff062b000 	C:\Users\Jastin Pepeo\.jdks\corretto-17.0.13\bin\VCRUNTIME140.dll
0x00007ff8110d0000 - 0x00007ff81127e000 	C:\WINDOWS\System32\USER32.dll
0x00007ff80ed20000 - 0x00007ff80ed46000 	C:\WINDOWS\System32\win32u.dll
0x00007ff810ed0000 - 0x00007ff810ef9000 	C:\WINDOWS\System32\GDI32.dll
0x00007ff80f380000 - 0x00007ff80f499000 	C:\WINDOWS\System32\gdi32full.dll
0x00007ff80ed50000 - 0x00007ff80edea000 	C:\WINDOWS\System32\msvcp_win.dll
0x00007fffeb8f0000 - 0x00007fffebb83000 	C:\WINDOWS\WinSxS\amd64_microsoft.windows.common-controls_6595b64144ccf1df_6.0.22621.2506_none_270c5ae97388e100\COMCTL32.dll
0x00007ff811820000 - 0x00007ff8118c7000 	C:\WINDOWS\System32\msvcrt.dll
0x00007ff811930000 - 0x00007ff811961000 	C:\WINDOWS\System32\IMM32.DLL
0x000000006d650000 - 0x000000006d65d000 	C:\Program Files (x86)\360\360Safe\safemon\SafeWrapper.dll
0x00007ff8106b0000 - 0x00007ff810761000 	C:\WINDOWS\System32\ADVAPI32.dll
0x00007ff80f700000 - 0x00007ff80f7a6000 	C:\WINDOWS\System32\sechost.dll
0x00007ff810c60000 - 0x00007ff810d77000 	C:\WINDOWS\System32\RPCRT4.dll
0x00007ffffadb0000 - 0x00007ffffaeb3000 	C:\Program Files (x86)\360\360Safe\safemon\libzdtp64.dll
0x00007ff80f900000 - 0x00007ff810159000 	C:\WINDOWS\System32\SHELL32.dll
0x00007ff80f8a0000 - 0x00007ff80f8fe000 	C:\WINDOWS\System32\SHLWAPI.dll
0x00007ff80e960000 - 0x00007ff80e96a000 	C:\WINDOWS\SYSTEM32\VERSION.dll
0x00007ffffbcf0000 - 0x00007ffffbcfc000 	C:\Users\Jastin Pepeo\.jdks\corretto-17.0.13\bin\vcruntime140_1.dll
0x00007ffff0370000 - 0x00007ffff03fd000 	C:\Users\Jastin Pepeo\.jdks\corretto-17.0.13\bin\msvcp140.dll
0x00007fffc5880000 - 0x00007fffc64ec000 	C:\Users\Jastin Pepeo\.jdks\corretto-17.0.13\bin\server\jvm.dll
0x00007ff80f820000 - 0x00007ff80f891000 	C:\WINDOWS\System32\WS2_32.dll
0x00007ff80dac0000 - 0x00007ff80db0d000 	C:\WINDOWS\SYSTEM32\POWRPROF.dll
0x00007ff8078e0000 - 0x00007ff807914000 	C:\WINDOWS\SYSTEM32\WINMM.dll
0x00007ff80daa0000 - 0x00007ff80dab3000 	C:\WINDOWS\SYSTEM32\UMPDC.dll
0x00007ff80dd00000 - 0x00007ff80dd18000 	C:\WINDOWS\SYSTEM32\kernel.appcore.dll
0x00007ffff05e0000 - 0x00007ffff05ea000 	C:\Users\Jastin Pepeo\.jdks\corretto-17.0.13\bin\jimage.dll
0x00007ff80c310000 - 0x00007ff80c543000 	C:\WINDOWS\SYSTEM32\DBGHELP.DLL
0x00007ff8107c0000 - 0x00007ff810b49000 	C:\WINDOWS\System32\combase.dll
0x00007ff811670000 - 0x00007ff811747000 	C:\WINDOWS\System32\OLEAUT32.dll
0x00007ff803440000 - 0x00007ff803472000 	C:\WINDOWS\SYSTEM32\dbgcore.DLL
0x00007ff80f4a0000 - 0x00007ff80f51a000 	C:\WINDOWS\System32\bcryptPrimitives.dll
0x00007ffff0340000 - 0x00007ffff0365000 	C:\Users\Jastin Pepeo\.jdks\corretto-17.0.13\bin\java.dll
0x00007ffff0260000 - 0x00007ffff0337000 	C:\Users\Jastin Pepeo\.jdks\corretto-17.0.13\bin\jsvml.dll
0x00007ff80cb90000 - 0x00007ff80d484000 	C:\WINDOWS\SYSTEM32\windows.storage.dll
0x00007ff80ca50000 - 0x00007ff80cb8e000 	C:\WINDOWS\SYSTEM32\wintypes.dll
0x00007ff811420000 - 0x00007ff811513000 	C:\WINDOWS\System32\SHCORE.dll
0x00007ff80ec50000 - 0x00007ff80ec76000 	C:\WINDOWS\SYSTEM32\profapi.dll
0x00007ffff0240000 - 0x00007ffff0259000 	C:\Users\Jastin Pepeo\.jdks\corretto-17.0.13\bin\net.dll
0x00007ff807690000 - 0x00007ff8077c7000 	C:\WINDOWS\SYSTEM32\WINHTTP.dll
0x00007ff80e1d0000 - 0x00007ff80e239000 	C:\WINDOWS\system32\mswsock.dll
0x00007ffff0220000 - 0x00007ffff0236000 	C:\Users\Jastin Pepeo\.jdks\corretto-17.0.13\bin\nio.dll
0x00007ffff0200000 - 0x00007ffff0218000 	C:\Users\Jastin Pepeo\.jdks\corretto-17.0.13\bin\zip.dll
0x00007fffc0d50000 - 0x00007fffc1d9e000 	C:\Users\Jastin Pepeo\.skiko\bc91181b3cc290773d13ba80fb4441c3ad657aef5ea86241561240da990944dc\skiko-windows-x64.dll
0x00007fffd10b0000 - 0x00007fffd11b0000 	C:\WINDOWS\SYSTEM32\OPENGL32.dll
0x00007ff80b3e0000 - 0x00007ff80b40b000 	C:\WINDOWS\SYSTEM32\dwmapi.dll
0x00007fffd1040000 - 0x00007fffd106d000 	C:\WINDOWS\SYSTEM32\GLU32.dll
0x00007ff80b8e0000 - 0x00007ff80b916000 	C:\WINDOWS\SYSTEM32\dxcore.dll
0x00007ffff2780000 - 0x00007ffff2910000 	C:\Users\Jastin Pepeo\.jdks\corretto-17.0.13\bin\awt.dll
0x00007ff80b150000 - 0x00007ff80b1e7000 	C:\WINDOWS\SYSTEM32\apphelp.dll
0x00007ff80b250000 - 0x00007ff80b2fb000 	C:\WINDOWS\system32\uxtheme.dll
0x00007ff811520000 - 0x00007ff81166f000 	C:\WINDOWS\System32\MSCTF.dll
0x00007ff811280000 - 0x00007ff811420000 	C:\WINDOWS\System32\ole32.dll
0x00007ff808850000 - 0x00007ff8088d7000 	C:\Users\Jastin Pepeo\.jdks\corretto-17.0.13\bin\freetype.dll
0x00007ffff26a0000 - 0x00007ffff277a000 	C:\Users\Jastin Pepeo\.jdks\corretto-17.0.13\bin\fontmanager.dll
0x00007ff809330000 - 0x00007ff809337000 	C:\Users\Jastin Pepeo\.jdks\corretto-17.0.13\bin\jawt.dll
0x00007ff80c7b0000 - 0x00007ff80c8a8000 	C:\WINDOWS\SYSTEM32\Dxgi.dll
0x00007ff807470000 - 0x00007ff8074ba000 	C:\WINDOWS\SYSTEM32\directxdatabasehelper.dll
0x00007ff808820000 - 0x00007ff808849000 	C:\WINDOWS\SYSTEM32\D3D12.dll
0x00007ffff2490000 - 0x00007ffff2693000 	C:\WINDOWS\SYSTEM32\D3D12Core.dll
0x00007ff80e9c0000 - 0x00007ff80ea0e000 	C:\WINDOWS\SYSTEM32\cfgmgr32.dll
0x00007ff80e970000 - 0x00007ff80e982000 	C:\WINDOWS\SYSTEM32\msasn1.dll
0x00007ff8050c0000 - 0x00007ff8050f2000 	C:\WINDOWS\SYSTEM32\cryptnet.dll
0x00007ff80f210000 - 0x00007ff80f376000 	C:\WINDOWS\System32\CRYPT32.dll
0x00007ff804f60000 - 0x00007ff8050b8000 	C:\WINDOWS\SYSTEM32\drvstore.dll
0x00007ff80e990000 - 0x00007ff80e9bc000 	C:\WINDOWS\SYSTEM32\devobj.dll
0x00007ff80e450000 - 0x00007ff80e49b000 	C:\WINDOWS\SYSTEM32\wldp.dll
0x00007ff80e500000 - 0x00007ff80e50c000 	C:\WINDOWS\SYSTEM32\cryptbase.dll
0x00007ff80f1a0000 - 0x00007ff80f20c000 	C:\WINDOWS\System32\wintrust.dll
0x00007ff811800000 - 0x00007ff81181f000 	C:\WINDOWS\System32\imagehlp.dll
0x00007ff80e520000 - 0x00007ff80e53b000 	C:\WINDOWS\SYSTEM32\CRYPTSP.dll
0x00007ff80dcc0000 - 0x00007ff80dcf5000 	C:\WINDOWS\system32\rsaenh.dll
0x00007ff80e640000 - 0x00007ff80e668000 	C:\WINDOWS\SYSTEM32\bcrypt.dll
0x00007fffcfff0000 - 0x00007fffd02c0000 	C:\WINDOWS\system32\nvspcap64.dll
0x00007ff80dd80000 - 0x00007ff80ddb4000 	C:\WINDOWS\SYSTEM32\ntmarta.dll
0x00007ff80d7a0000 - 0x00007ff80d7cd000 	C:\WINDOWS\SYSTEM32\IPHLPAPI.DLL
0x00007ff810f00000 - 0x00007ff810f09000 	C:\WINDOWS\System32\NSI.dll
0x00007ff8074c0000 - 0x00007ff8074df000 	C:\WINDOWS\SYSTEM32\dhcpcsvc.DLL
0x00007fffd77a0000 - 0x00007fffd785c000 	C:\WINDOWS\System32\DriverStore\FileRepository\nvcvi.inf_amd64_34f6ccb91b991276\nvldumdx.dll
0x00007fffd1250000 - 0x00007fffd712e000 	C:\WINDOWS\System32\DriverStore\FileRepository\nvcvi.inf_amd64_34f6ccb91b991276\nvwgf2umx.dll
0x00007fffe8fd0000 - 0x00007fffe9707000 	C:\WINDOWS\System32\DriverStore\FileRepository\nvcvi.inf_amd64_34f6ccb91b991276\Display.NvContainer\MessageBus.dll
0x00007ff808750000 - 0x00007ff80877f000 	C:\WINDOWS\SYSTEM32\D3DSCache.dll
0x00007ff80e270000 - 0x00007ff80e29c000 	C:\WINDOWS\SYSTEM32\USERENV.dll
0x00007ff801210000 - 0x00007ff801495000 	C:\WINDOWS\SYSTEM32\twinapi.appcore.dll
0x00007ff80b920000 - 0x00007ff80bb93000 	C:\WINDOWS\SYSTEM32\dwrite.dll
0x00007ff80c550000 - 0x00007ff80c7a7000 	C:\WINDOWS\SYSTEM32\d3d11.dll
0x00007ff800560000 - 0x00007ff80093d000 	C:\WINDOWS\System32\DriverStore\FileRepository\iigd_dch.inf_amd64_7510514be791188f\igd10iumd64.dll
0x00007ffffee40000 - 0x00007fffffff0000 	C:\WINDOWS\System32\DriverStore\FileRepository\iigd_dch.inf_amd64_7510514be791188f\igd10um64xe.DLL
0x00007ff80e610000 - 0x00007ff80e63d000 	C:\WINDOWS\SYSTEM32\ncrypt.dll
0x00007ff80e5d0000 - 0x00007ff80e607000 	C:\WINDOWS\SYSTEM32\NTASN1.dll
0x00007ff8004c0000 - 0x00007ff800504000 	C:\WINDOWS\SYSTEM32\ControlLib.dll
0x00007ff810230000 - 0x00007ff8106a4000 	C:\WINDOWS\System32\SETUPAPI.dll
0x00007ff800450000 - 0x00007ff8004b5000 	C:\WINDOWS\System32\DriverStore\FileRepository\iigd_dch.inf_amd64_7510514be791188f\IntelControlLib.dll
0x00007ffffdf40000 - 0x00007ffffe349000 	C:\WINDOWS\System32\DriverStore\FileRepository\iigd_dch.inf_amd64_7510514be791188f\igdgmm64.dll
0x00007ffff47a0000 - 0x00007ffff8e24000 	C:\WINDOWS\System32\DriverStore\FileRepository\iigd_dch.inf_amd64_7510514be791188f\igc64.dll
0x00007ff80a7e0000 - 0x00007ff80aa32000 	C:\WINDOWS\SYSTEM32\dcomp.dll
0x00007ff80a3a0000 - 0x00007ff80a786000 	C:\WINDOWS\SYSTEM32\d3dcompiler_47.dll
0x00007ffffe610000 - 0x00007ffffe75a000 	C:\WINDOWS\SYSTEM32\textinputframework.dll

dbghelp: loaded successfully - version: 4.0.5 - missing functions: none
symbol engine: initialized successfully - sym options: 0x614 - pdb path: .;C:\Users\Jastin Pepeo\.jdks\corretto-17.0.13\bin;C:\WINDOWS\SYSTEM32;C:\WINDOWS\WinSxS\amd64_microsoft.windows.common-controls_6595b64144ccf1df_6.0.22621.2506_none_270c5ae97388e100;C:\Program Files (x86)\360\360Safe\safemon;C:\Users\Jastin Pepeo\.jdks\corretto-17.0.13\bin\server;C:\Users\Jastin Pepeo\.skiko\bc91181b3cc290773d13ba80fb4441c3ad657aef5ea86241561240da990944dc;C:\WINDOWS\System32\DriverStore\FileRepository\nvcvi.inf_amd64_34f6ccb91b991276;C:\WINDOWS\System32\DriverStore\FileRepository\nvcvi.inf_amd64_34f6ccb91b991276\Display.NvContainer;C:\WINDOWS\System32\DriverStore\FileRepository\iigd_dch.inf_amd64_7510514be791188f

VM Arguments:
jvm_args: -Dcompose.application.configure.swing.globals=true -Dcompose.application.resources.dir=D:\lora\CharRoom\build\compose\tmp\prepareAppResources -Dfile.encoding=UTF-8 -Duser.country=CN -Duser.language=zh -Duser.variant 
java_command: MainKt
java_class_path (initial): D:\lora\CharRoom\build\libs\CharRoom-desktop-1.0-SNAPSHOT.jar;C:\Users\Jastin Pepeo\.gradle\caches\modules-2\files-2.1\org.jetbrains.compose.desktop\desktop-jvm\1.5.0\3b461ec5c3f11ec2a6b169f6c7290415f7b60bf3\desktop-jvm-1.5.0.jar;C:\Users\Jastin Pepeo\.gradle\caches\modules-2\files-2.1\org.jetbrains.compose.material\material-desktop\1.5.0\99ad414ebbfd5999dbc093853362c81288588701\material-desktop-1.5.0.jar;C:\Users\Jastin Pepeo\.gradle\caches\modules-2\files-2.1\org.jetbrains.compose.material\material-ripple-desktop\1.5.0\494966d7ed5d7143b7e67f10077f8f20ab9fa1ec\material-ripple-desktop-1.5.0.jar;C:\Users\Jastin Pepeo\.gradle\caches\modules-2\files-2.1\org.jetbrains.compose.foundation\foundation-desktop\1.5.0\5f29e7032db7b1b3a7204a8383132cbcaa640dd5\foundation-desktop-1.5.0.jar;C:\Users\Jastin Pepeo\.gradle\caches\modules-2\files-2.1\org.jetbrains.compose.animation\animation-desktop\1.5.0\f1cbe23da9ecb37aa6b2b3e57b223327227b910a\animation-desktop-1.5.0.jar;C:\Users\Jastin Pepeo\.gradle\caches\modules-2\files-2.1\org.jetbrains.compose.foundation\foundation-layout-desktop\1.5.0\ae3ea49f6a2e5a0a6d4996c2bc10c3ddeb1f5dd5\foundation-layout-desktop-1.5.0.jar;C:\Users\Jastin Pepeo\.gradle\caches\modules-2\files-2.1\org.jetbrains.compose.animation\animation-core-desktop\1.5.0\c9cbe3824dd25e0152e9298574d24ec9ac61d016\animation-core-desktop-1.5.0.jar;C:\Users\Jastin Pepeo\.gradle\caches\modules-2\files-2.1\org.jetbrains.compose.material\material-icons-core-desktop\1.5.0\82faf5401b15358511cb941fd1306433ae12be77\material-icons-core-desktop-1.5.0.jar;C:\Users\Jastin Pepeo\.gradle\caches\modules-2\files-2.1\org.jetbrains.compose.ui\ui-desktop\1.5.0\adc0dfcf7a8731a0a680b9e4d1f3e3d3d9917493\ui-desktop-1.5.0.jar;C:\Users\Jastin Pepeo\.gradle\caches\modules-2\files-2.1\org.jetbrains.compose.ui\ui-text-desktop\1.5.0\44519ce6b5b12b70308746ed4351664fdf428322\ui-text-desktop-1.5.0.jar;C:\Users\Jastin Pepeo\.gradle\caches\modules-2\files-2.1\org.jetbrains.compose
Launcher Type: SUN_STANDARD

[Global flags]
     intx CICompilerCount                          = 4                                         {product} {ergonomic}
     uint ConcGCThreads                            = 3                                         {product} {ergonomic}
     uint G1ConcRefinementThreads                  = 10                                        {product} {ergonomic}
   size_t G1HeapRegionSize                         = 2097152                                   {product} {ergonomic}
    uintx GCDrainStackTargetSize                   = 64                                        {product} {ergonomic}
   size_t InitialHeapSize                          = 266338304                                 {product} {ergonomic}
   size_t MarkStackSize                            = 4194304                                   {product} {ergonomic}
   size_t MaxHeapSize                              = 4238344192                                {product} {ergonomic}
   size_t MaxNewSize                               = 2541748224                                {product} {ergonomic}
   size_t MinHeapDeltaBytes                        = 2097152                                   {product} {ergonomic}
   size_t MinHeapSize                              = 8388608                                   {product} {ergonomic}
    uintx NonNMethodCodeHeapSize                   = 5839372                                {pd product} {ergonomic}
    uintx NonProfiledCodeHeapSize                  = 122909434                              {pd product} {ergonomic}
    uintx ProfiledCodeHeapSize                     = 122909434                              {pd product} {ergonomic}
    uintx ReservedCodeCacheSize                    = 251658240                              {pd product} {ergonomic}
     bool SegmentedCodeCache                       = true                                      {product} {ergonomic}
   size_t SoftMaxHeapSize                          = 4238344192                             {manageable} {ergonomic}
     bool UseCompressedClassPointers               = true                           {product lp64_product} {ergonomic}
     bool UseCompressedOops                        = true                           {product lp64_product} {ergonomic}
     bool UseG1GC                                  = true                                      {product} {ergonomic}
     bool UseLargePagesIndividualAllocation        = false                                  {pd product} {ergonomic}

Logging:
Log output configuration:
 #0: stdout all=warning uptime,level,tags
 #1: stderr all=off uptime,level,tags

Environment Variables:
JAVA_HOME=C:\Users\Jastin Pepeo\.jdks\corretto-17.0.13
CLASSPATH=E:\LINGO64_18\Lingo18.jar
PATH=D:\Program Files\MATLAB\R2023b\runtime\win64;D:\Program Files\MATLAB\R2023b\bin;D:\Program Files\MATLAB\R2019a\bin\win64;C:\Program Files (x86)\Common Files\Intel\Shared Libraries\redist\intel64\compiler;C:\Windows\system32;C:\Windows;C:\Windows\System32\Wbem;C:\Windows\System32\WindowsPowerShell\v1.0\;C:\Windows\System32\OpenSSH\;C:\Program Files (x86)\NVIDIA Corporation\PhysX\Common;C:\Program Files\NVIDIA Corporation\NVIDIA NvDLISR;C:\Program Files\dotnet\;C:\Program Files\Microsoft SQL Server\150\Tools\Binn\;C:\Program Files (x86)\EasyShare\x86\;C:\Program Files (x86)\EasyShare\x64\;C:\WINDOWS\system32;C:\WINDOWS;C:\WINDOWS\System32\Wbem;C:\WINDOWS\System32\WindowsPowerShell\v1.0\;C:\WINDOWS\System32\OpenSSH\;C:\Users\Jastin Pepeo\AppData\Local\Programs\Python\Python312\Scripts\;C:\Users\Jastin Pepeo\AppData\Local\Programs\Python\Python312\;C:\Users\Jastin Pepeo\AppData\Local\Microsoft\WindowsApps;C:\Users\Jastin Pepeo\.dotnet\tools;C:\Program Files\Wolfram Research\WolframScript\;C:\Program Files\nodejs\;D:\Program Files\Erlang OTP\bin;C:\Program Files\CodeBlocks\MinGW\bin;C:\Program Files (x86)\NetSarang\Xftp 7\;E:\LINGO64_18\;C:\Program Files (x86)\Graphviz2.38\bin;C:\Program Files\Git\cmd;C:\Program Files\Docker\Docker\resources\bin;C:\Program Files (x86)\NetSarang\Xshell 8\;C:\Program Files (x86)\Windows Kits\8.1\Windows Performance Toolkit\;D:\Program Files (x86)\Go\bin;C:\Users\Jastin Pepeo\AppData\Local\Programs\Python\Python312\Scripts\;C:\Users\Jastin Pepeo\AppData\Local\Programs\Python\Python312\;C:\Users\Jastin Pepeo\AppData\Local\Microsoft\WindowsApps;C:\Users\Jastin Pepeo\.dotnet\tools;C:\Users\Jastin Pepeo\AppData\Roaming\npm;C:\Users\Jastin Pepeo\AppData\Local\Programs\Microsoft VS Code\bin;D:\Program Files\JetBrains\PyCharm 2023.2.5\bin;C:\Users\Jastin Pepeo\AppData\Local\JetBrains\Toolbox\scripts;E:\\ffmpeg\bin;D:\lora\Mysql\mysql-5.7.19-winx64\bin\bin;C:\Users\Jastin Pepeo\.jdks\corretto-17.0.13\bin;C:\Users\Jastin Pepeo\.jdks\corr
USERNAME=Jastin Pepeo
OS=Windows_NT
PROCESSOR_IDENTIFIER=Intel64 Family 6 Model 141 Stepping 1, GenuineIntel
TMP=C:\Users\JASTIN~1\AppData\Local\Temp
TEMP=C:\Users\JASTIN~1\AppData\Local\Temp



Periodic native trim disabled


---------------  S Y S T E M  ---------------

OS:
 Windows 11 , 64 bit Build 22621 (10.0.22621.2506)
OS uptime: 0 days 5:08 hours
Hyper-V role detected

CPU: total 12 (initial active 12) (6 cores per cpu, 2 threads per core) family 6 model 141 stepping 1 microcode 0x2c, cx8, cmov, fxsr, ht, mmx, 3dnowpref, sse, sse2, sse3, ssse3, sse4.1, sse4.2, popcnt, lzcnt, tsc, tscinvbit, avx, avx2, aes, erms, clmul, bmi1, bmi2, adx, avx512f, avx512dq, avx512cd, avx512bw, avx512vl, sha, fma, vzeroupper, avx512_vpopcntdq, avx512_vpclmulqdq, avx512_vaes, avx512_vnni, clflush, clflushopt, clwb, avx512_vbmi2, avx512_vbmi, hv
Processor Information for all 12 processors :
  Max Mhz: 2611, Current Mhz: 2611, Mhz Limit: 2611

Memory: 4k page, system-wide physical 16163M (3703M free)
TotalPageFile size 19363M (AvailPageFile size 361M)
current process WorkingSet (physical memory assigned to process): 263M, peak: 264M
current process commit charge ("private bytes"): 590M, peak: 594M

vm_info: OpenJDK 64-Bit Server VM (17.0.13+11-LTS) for windows-amd64 JRE (17.0.13+11-LTS), built on Oct 10 2024 19:51:30 by "Administrator" with MS VC++ 16.10 / 16.11 (VS2019)

END.
